{"logTime": "0416/170036", "correlationVector":"GKyLw7iemfmabHyG3qAUaY.6","action":"GetUpdates Response", "result":"Success", "context":Received 159 update(s). cV=GKyLw7iemfmabHyG3qAUaY.0;server=akswtt00700000u;cloudType=Consumer;environment=Prod_northcentralus_prod-s01-050-nam-northcentralus;migrationStage=NotStarted}
{"logTime": "0416/170037", "correlationVector":"1JpVc1wLipbF8FKyK0rfQO","action":"Poll GetUpdate request", "result":"", "context":cV=1JpVc1wLipbF8FKyK0rfQO}
{"logTime": "0416/170038", "correlationVector":"1JpVc1wLipbF8FKyK0rfQO.1","action":"SyncServerConnectionManagerRequest", "result":"SYNC_SERVER_OK", "context":{"environment":"Prod_northcentralus_prod-s01-050-nam-northcentralus", "migrationStage":"NotStarted", "server":"akswtt00700001m"}}
{"logTime": "0416/170038", "correlationVector":"1JpVc1wLipbF8FKyK0rfQO.2","action":"GetUpdates Response", "result":"Success", "context":Received 0 update(s). cV=1JpVc1wLipbF8FKyK0rfQO.0;server=akswtt00700001m;cloudType=Consumer;environment=Prod_northcentralus_prod-s01-050-nam-northcentralus;migrationStage=NotStarted}
{"logTime": "0416/170038", "correlationVector":"wukr/pWm/hBiuVrQFw2m8x","action":"DoCompareDataConsistency requsted types: ", "result":"Bookmarks, Preferences, Passwords, Extensions, Extension settings, History Delete Directives, Send Tab To Self, Web Apps, History, Saved Tab Group, Collection, Edge E Drop, Edge Tab Group, Edge Wallet, Encryption Keys"}
{"logTime": "0416/170038", "correlationVector":"wukr/pWm/hBiuVrQFw2m8x.0","action":"CompareDataConsistency result: ", "result":"Compare result: Encryption Keys is consistent. local entities count is: 1 local entities hash is: eB+1/hGV2yV+LP7d2T79HjJn92w="}
{"logTime": "0416/170038", "correlationVector":"wukr/pWm/hBiuVrQFw2m8x.1","action":"CompareDataConsistency result: ", "result":"Compare result: Bookmarks is consistent. local entities count is: 8 local entities hash is: /cI55JP7w592AvyNQAx4cLtW3hE="}
{"logTime": "0416/170038", "correlationVector":"wukr/pWm/hBiuVrQFw2m8x.2","action":"CompareDataConsistency result: ", "result":"Compare result: Preferences is consistent. local entities count is: 74 local entities hash is: 8/i5GpV1WFPFZrgVTLdsEA1zI4o="}
{"logTime": "0416/170038", "correlationVector":"wukr/pWm/hBiuVrQFw2m8x.3","action":"CompareDataConsistency result: ", "result":"Compare result: Extensions is consistent. local entities count is: 4 local entities hash is: AWM4I0Fnz+wByC48OJf5z5GyEWU="}
{"logTime": "0416/170038", "correlationVector":"wukr/pWm/hBiuVrQFw2m8x.4","action":"CompareDataConsistency result: ", "result":"Compare result: Extension settings is consistent. local entities count is: 0 local entities hash is: "}
{"logTime": "0416/170038", "correlationVector":"wukr/pWm/hBiuVrQFw2m8x.5","action":"CompareDataConsistency result: ", "result":"Compare result: History Delete Directives is consistent. local entities count is: 0 local entities hash is: "}
{"logTime": "0416/170038", "correlationVector":"wukr/pWm/hBiuVrQFw2m8x.6","action":"CompareDataConsistency result: ", "result":"Server did not send this Send Tab To Self local entities count is: 0 local entities hash is: "}
{"logTime": "0416/170038", "correlationVector":"wukr/pWm/hBiuVrQFw2m8x.7","action":"CompareDataConsistency result: ", "result":"Compare result: Web Apps is consistent. local entities count is: 0 local entities hash is: "}
{"logTime": "0416/170038", "correlationVector":"wukr/pWm/hBiuVrQFw2m8x.8","action":"CompareDataConsistency result: ", "result":"Server did not send this History local entities count is: 0 local entities hash is: "}
{"logTime": "0416/170038", "correlationVector":"wukr/pWm/hBiuVrQFw2m8x.9","action":"CompareDataConsistency result: ", "result":"Compare result: Saved Tab Group is consistent. local entities count is: 0 local entities hash is: "}
{"logTime": "0416/170038", "correlationVector":"wukr/pWm/hBiuVrQFw2m8x.10","action":"CompareDataConsistency result: ", "result":"Compare result: Collection is consistent. local entities count is: 0 local entities hash is: "}
{"logTime": "0416/170038", "correlationVector":"wukr/pWm/hBiuVrQFw2m8x.11","action":"CompareDataConsistency result: ", "result":"Compare result: Edge E Drop is consistent. local entities count is: 0 local entities hash is: "}
{"logTime": "0416/170038", "correlationVector":"wukr/pWm/hBiuVrQFw2m8x.12","action":"CompareDataConsistency result: ", "result":"Compare result: Edge Tab Group is consistent. local entities count is: 0 local entities hash is: "}
{"logTime": "0416/170038", "correlationVector":"wukr/pWm/hBiuVrQFw2m8x.13","action":"CompareDataConsistency result: ", "result":"Compare result: Edge Wallet is consistent. local entities count is: 0 local entities hash is: "}
{"logTime": "0416/170038", "correlationVector":"wukr/pWm/hBiuVrQFw2m8x.14","action":"CompareDataConsistency result: ", "result":"Compare result: Passwords is consistent. local entities count is: 190 local entities hash is: dZ/lLp0UvxNLyKMQZ8zbpycLdiE="}
{"logTime": "0416/170038", "correlationVector":"","action":"DIAGNOSTIC_REQUEST|v1/diagnosticData/Diagnostic.SendCheckResult()|SUCCESS", "result":""}
{"logTime": "0416/170055", "correlationVector":"7+LX8NkDadxBDBVoFtCXRQ","action":"Commit Request", "result":"", "context":Item count: 4
Contributing types: Preferences, Sessions, History}
{"logTime": "0416/170056", "correlationVector":"7+LX8NkDadxBDBVoFtCXRQ.1","action":"SyncServerConnectionManagerRequest", "result":"SYNC_SERVER_OK", "context":{"environment":"Prod_northcentralus_prod-s01-050-nam-northcentralus", "migrationStage":"NotStarted", "server":"akswtt007000019"}}
{"logTime": "0416/170056", "correlationVector":"7+LX8NkDadxBDBVoFtCXRQ.2","action":"Commit Response", "result":"Success", "context":Result: Success. cV=7+LX8NkDadxBDBVoFtCXRQ.0;server=akswtt007000019;cloudType=Consumer;environment=Prod_northcentralus_prod-s01-050-nam-northcentralus;migrationStage=NotStarted}
{"logTime": "0416/170130", "correlationVector":"y9+GbufIPgS8q3pKH3VWCT","action":"Commit Request", "result":"", "context":Item count: 1
Contributing types: Preferences}
{"logTime": "0416/170131", "correlationVector":"y9+GbufIPgS8q3pKH3VWCT.1","action":"SyncServerConnectionManagerRequest", "result":"SYNC_SERVER_OK", "context":{"environment":"Prod_northcentralus_prod-s01-050-nam-northcentralus", "migrationStage":"NotStarted", "server":"akswtt007000005"}}
{"logTime": "0416/170131", "correlationVector":"y9+GbufIPgS8q3pKH3VWCT.2","action":"Commit Response", "result":"Success", "context":Result: Success. cV=y9+GbufIPgS8q3pKH3VWCT.0;server=akswtt007000005;cloudType=Consumer;environment=Prod_northcentralus_prod-s01-050-nam-northcentralus;migrationStage=NotStarted}
{"logTime": "0416/170136", "correlationVector":"5JjDzV71EzB/A1IzeERGDU","action":"Commit Request", "result":"", "context":Item count: 1
Contributing types: Preferences}
{"logTime": "0416/170136", "correlationVector":"5JjDzV71EzB/A1IzeERGDU.1","action":"SyncServerConnectionManagerRequest", "result":"SYNC_SERVER_OK", "context":{"environment":"Prod_northcentralus_prod-s01-050-nam-northcentralus", "migrationStage":"NotStarted", "server":"akswtt007000007"}}
{"logTime": "0416/170136", "correlationVector":"5JjDzV71EzB/A1IzeERGDU.3","action":"Commit.Preferences", "result":"Success", "context":{"id":"5a99c597-c370-4eec-886d-18288fa39723", "isDeleted":"true", "size":"0", "version":"1744822890770"}}
{"logTime": "0416/170136", "correlationVector":"5JjDzV71EzB/A1IzeERGDU.2","action":"Commit Response", "result":"Success", "context":Result: Success. cV=5JjDzV71EzB/A1IzeERGDU.0;server=akswtt007000007;cloudType=Consumer;environment=Prod_northcentralus_prod-s01-050-nam-northcentralus;migrationStage=NotStarted}
{"logTime": "0416/192707", "correlationVector":"jj8vs5EJCfCdgV3o69qTrn.1","action":"SyncServerConnectionManagerRequest", "result":"SYNC_SERVER_OK", "context":{"environment":"Prod_northcentralus_prod-s01-050-nam-northcentralus", "migrationStage":"NotStarted", "server":"akswtt007000018"}}
{"logTime": "0416/192707", "correlationVector":"jj8vs5EJCfCdgV3o69qTrn.2","action":"ProcessGetUpdates", "result":"Done", "context":{"dataType":"Encryption Keys", "deleted":"0", "process_failed_to_decrypt":"0", "process_pending_decryption":"0", "process_success":"1", "total":"1"}}
{"logTime": "0416/192708", "correlationVector":"LOoJWttOYTMLFv8sDTlmYQ","action":"SyncServerConnectionManagerRequest", "result":"SYNC_SERVER_OK", "context":{"environment":"", "migrationStage":"", "server":""}}
{"logTime": "0416/192708", "correlationVector":"LOoJWttOYTMLFv8sDTlmYQ.0","action":"EncryptionKeysFetcher.DownloadKeys:", "result":"Success", "context":Key count: 10, Last key timestamp: 2025-04-15T22:33:02Z}
{"logTime": "0416/192708", "correlationVector":"LOoJWttOYTMLFv8sDTlmYQ.1","action":"EncryptionKeysManager::SetEncryptionKeys:", "result":"Success", "context":Key names[10]:[9cEyzviQTvPM62nqFb8kOT+eCSZauDlQpxZ2sgFw0YWTCOvUNi5J+ml5TCmWNC6WVDhfl++kBwiGj5p4Mamh4Q==][58tjJINPJXOja9BZTBPhn6XRFZhVt6L6M9OMyBdfyCkshZKgDuHFVO2WCNj/4vly3657bj5m61RXIaO0KrTqIQ==][AoCQfswqKrrjywEYSYHUfo8FP0UW3JInanWk6ujcEF+xA4H20FAhqHHeH2V6NKv9p7cV6xpO3BK/PiWW8bNuGA==][uyCo9E7kANZsbVmf2hdO7IEjH09SrqikglKtsW5RS/uyR5tfuQfvQBj6JdybsaHSX5TMRKsInH8DQwoeXoNREQ==][3w39clg8Dm/E4anSTvS2QnVWu8VHwKQVAl4WcIIExFKbhwdflHVM7yzfFlUxyEvOyUQkhDP+n7y26fnVoVxRyA==][ZiPh1PVV+0ejbGcitE+1FuomJOzv6RN3XQ+uTQSZKQWV7ZRJNhhWJYQuzRM96bYkAkZPh2A5FVYXCdLrr++ZHA==][131yHkr27qUwc3j2xGfRY25nMdNie3Iyvr2CELW+Uz4KlGU4StM9E1SXfA80+kUnGW5IqAQoBgk7J3e+t4oPYA==][n9b1T9fQJrWacr4cvDoErohAlAQnoq9F7+cai0ZZihV+7gM1xcoCuVU7vlo61xtG/gh5Y7eqDurGIP7N0wN5jA==][gEJ3yWdNa3KJ7Z1e5xAYRlnIurZAi5Gl9Jo5qBwjsGe4t5i0dit00YZOnMnA0Mhx0fN+AJxJyv/U3RuC079xTA==][gVqyakXCduiLvkfi6G8n1zobsUAjjOXM0GIV/tNiR4THGAHM6V9xEFhMMyFROUM8k2TGGFrLRWfYclqPxhuhEw==]}
{"logTime": "0416/192708", "correlationVector":"LOoJWttOYTMLFv8sDTlmYQ.2","action":"EncryptionKeysManager::SetEncryptionKeysWithTimestamps:", "result":"Success", "context":Key timestamps[10]:[2020-07-16T17:16:27Z][2020-12-08T08:35:29Z][2021-09-21T11:30:01Z][2022-04-10T17:29:04Z][2022-10-10T18:35:37Z][2023-04-11T06:17:12Z][2023-10-09T02:40:18Z][2024-04-10T00:19:34Z][2024-10-08T17:42:11Z][2025-04-15T22:33:02Z]}
{"logTime": "0416/192708", "correlationVector":"jj8vs5EJCfCdgV3o69qTrn","action":"Initial GetUpdates", "result":"", "context":Reason: NEW_CLIENT. cV=jj8vs5EJCfCdgV3o69qTrn}
{"logTime": "0416/192708", "correlationVector":"jj8vs5EJCfCdgV3o69qTrn.3","action":"GetUpdates Response", "result":"Success", "context":Received 1 update(s). cV=jj8vs5EJCfCdgV3o69qTrn.0;server=akswtt007000018;cloudType=Consumer;environment=Prod_northcentralus_prod-s01-050-nam-northcentralus;migrationStage=NotStarted}
{"logTime": "0416/192708", "correlationVector":"eCjPK55Zv7GqXypp3NM+5d","action":"Initial GetUpdates", "result":"", "context":Reason: NEWLY_SUPPORTED_DATATYPE. cV=eCjPK55Zv7GqXypp3NM+5d}
{"logTime": "0416/192708", "correlationVector":"eCjPK55Zv7GqXypp3NM+5d.1","action":"SyncServerConnectionManagerRequest", "result":"SYNC_SERVER_OK", "context":{"environment":"Prod_northcentralus_prod-s01-050-nam-northcentralus", "migrationStage":"NotStarted", "server":"akswtt00700002i"}}
{"logTime": "0416/192708", "correlationVector":"eCjPK55Zv7GqXypp3NM+5d.2","action":"ProcessGetUpdates", "result":"Done", "context":{"dataType":"Passwords", "deleted":"1", "process_failed_to_decrypt":"0", "process_pending_decryption":"0", "process_success":"191", "total":"191"}}
{"logTime": "0416/192708", "correlationVector":"eCjPK55Zv7GqXypp3NM+5d.3","action":"GetUpdates Response", "result":"Success", "context":Received 191 update(s). cV=eCjPK55Zv7GqXypp3NM+5d.0;server=akswtt00700002i;cloudType=Consumer;environment=Prod_northcentralus_prod-s01-050-nam-northcentralus;migrationStage=NotStarted}
{"logTime": "0416/192708", "correlationVector":"gzRa16/HiI9sQuVE/0tV1S","action":"Normal GetUpdate request", "result":"", "context":cV=gzRa16/HiI9sQuVE/0tV1S
Nudged types: Sessions, History
Refresh requested types: Bookmarks, Preferences, Passwords, Autofill Profiles, Autofill, Extensions, Sessions, Extension settings, History Delete Directives, Device Info, User Consents, Send Tab To Self, Web Apps, History, Saved Tab Group, Collection, Edge E Drop, Edge Hub App Usage, Edge Tab Group, Edge Wallet, Encryption Keys}
{"logTime": "0416/192708", "correlationVector":"gzRa16/HiI9sQuVE/0tV1S.1","action":"SyncServerConnectionManagerRequest", "result":"SYNC_SERVER_OK", "context":{"environment":"Prod_northcentralus_prod-s01-050-nam-northcentralus", "migrationStage":"NotStarted", "server":"akswtt00700001h"}}
{"logTime": "0416/192708", "correlationVector":"gzRa16/HiI9sQuVE/0tV1S.2","action":"ProcessGetUpdates", "result":"Done", "context":{"dataType":"Preferences", "deleted":"1", "process_failed_to_decrypt":"0", "process_pending_decryption":"0", "process_success":"2", "total":"2"}}
{"logTime": "0416/192708", "correlationVector":"gzRa16/HiI9sQuVE/0tV1S.3","action":"ProcessGetUpdates", "result":"Done", "context":{"dataType":"Sessions", "deleted":"0", "process_failed_to_decrypt":"0", "process_pending_decryption":"0", "process_success":"2", "total":"2"}}
{"logTime": "0416/192708", "correlationVector":"gzRa16/HiI9sQuVE/0tV1S.4","action":"ProcessGetUpdates", "result":"Done", "context":{"dataType":"History", "deleted":"0", "process_failed_to_decrypt":"0", "process_pending_decryption":"0", "process_success":"1", "total":"1"}}
{"logTime": "0416/192708", "correlationVector":"gzRa16/HiI9sQuVE/0tV1S.5","action":"GetUpdates Response", "result":"Success", "context":Received 5 update(s). cV=gzRa16/HiI9sQuVE/0tV1S.0;server=akswtt00700001h;cloudType=Consumer;environment=Prod_northcentralus_prod-s01-050-nam-northcentralus;migrationStage=NotStarted}
{"logTime": "0416/192709", "correlationVector":"ZtzKl5W4EgEmoh6RjY6/qd","action":"Commit Request", "result":"", "context":Item count: 4
Contributing types: Sessions, History}
{"logTime": "0416/192709", "correlationVector":"ZtzKl5W4EgEmoh6RjY6/qd.1","action":"SyncServerConnectionManagerRequest", "result":"SYNC_SERVER_OK", "context":{"environment":"Prod_northcentralus_prod-s01-050-nam-northcentralus", "migrationStage":"NotStarted", "server":"akswtt00700001h"}}
{"logTime": "0416/192709", "correlationVector":"ZtzKl5W4EgEmoh6RjY6/qd.2","action":"Commit Response", "result":"Success", "context":Result: Success. cV=ZtzKl5W4EgEmoh6RjY6/qd.0;server=akswtt00700001h;cloudType=Consumer;environment=Prod_northcentralus_prod-s01-050-nam-northcentralus;migrationStage=NotStarted}
{"logTime": "0416/192709", "correlationVector":"ZtzKl5W4EgEmoh6RjY6/qd.3","action":"Commit.Sessions", "result":"Success", "context":{"id":"7beafe87-8d03-45d7-acde-4af5c42b6c49", "isDeleted":"true", "size":"0", "version":"1744822855788"}}
{"logTime": "0416/192722", "correlationVector":"tdXUfa6UUg581ChdMiaoIe","action":"Commit Request", "result":"", "context":Item count: 3
Contributing types: Preferences, Sessions, History}
{"logTime": "0416/192723", "correlationVector":"tdXUfa6UUg581ChdMiaoIe.1","action":"SyncServerConnectionManagerRequest", "result":"SYNC_SERVER_OK", "context":{"environment":"Prod_northcentralus_prod-s01-050-nam-northcentralus", "migrationStage":"NotStarted", "server":"akswtt007000024"}}
{"logTime": "0416/192723", "correlationVector":"tdXUfa6UUg581ChdMiaoIe.2","action":"Commit Response", "result":"Success", "context":Result: Success. cV=tdXUfa6UUg581ChdMiaoIe.0;server=akswtt007000024;cloudType=Consumer;environment=Prod_northcentralus_prod-s01-050-nam-northcentralus;migrationStage=NotStarted}
{"logTime": "0416/193057", "correlationVector":"xT076wzl/UCmX0rlZzNJrJ","action":"Commit Request", "result":"", "context":Item count: 1
Contributing types: Sessions}
{"logTime": "0416/193057", "correlationVector":"xT076wzl/UCmX0rlZzNJrJ.1","action":"SyncServerConnectionManagerRequest", "result":"SYNC_SERVER_OK", "context":{"environment":"Prod_northcentralus_prod-s01-050-nam-northcentralus", "migrationStage":"NotStarted", "server":"akswtt00700000t"}}
{"logTime": "0416/193057", "correlationVector":"xT076wzl/UCmX0rlZzNJrJ.2","action":"Commit Response", "result":"Success", "context":Result: Success. cV=xT076wzl/UCmX0rlZzNJrJ.0;server=akswtt00700000t;cloudType=Consumer;environment=Prod_northcentralus_prod-s01-050-nam-northcentralus;migrationStage=NotStarted}
{"logTime": "0416/193629", "correlationVector":"F6LA5V3FifU9aZf1JjJ/5K","action":"Commit Request", "result":"", "context":Item count: 1
Contributing types: Sessions}
{"logTime": "0416/193629", "correlationVector":"F6LA5V3FifU9aZf1JjJ/5K.1","action":"SyncServerConnectionManagerRequest", "result":"SYNC_SERVER_OK", "context":{"environment":"Prod_northcentralus_prod-s01-050-nam-northcentralus", "migrationStage":"NotStarted", "server":"akswtt00700000x"}}
{"logTime": "0416/193629", "correlationVector":"F6LA5V3FifU9aZf1JjJ/5K.2","action":"Commit Response", "result":"Success", "context":Result: Success. cV=F6LA5V3FifU9aZf1JjJ/5K.0;server=akswtt00700000x;cloudType=Consumer;environment=Prod_northcentralus_prod-s01-050-nam-northcentralus;migrationStage=NotStarted}
{"logTime": "0416/194026", "correlationVector":"TSJak1T1qs62w0faCB1QGZ","action":"Commit Request", "result":"", "context":Item count: 1
Contributing types: Sessions}
{"logTime": "0416/194026", "correlationVector":"TSJak1T1qs62w0faCB1QGZ.1","action":"SyncServerConnectionManagerRequest", "result":"SYNC_SERVER_OK", "context":{"environment":"Prod_northcentralus_prod-s01-050-nam-northcentralus", "migrationStage":"NotStarted", "server":"akswtt00700000f"}}
{"logTime": "0416/194026", "correlationVector":"TSJak1T1qs62w0faCB1QGZ.2","action":"Commit Response", "result":"Success", "context":Result: Success. cV=TSJak1T1qs62w0faCB1QGZ.0;server=akswtt00700000f;cloudType=Consumer;environment=Prod_northcentralus_prod-s01-050-nam-northcentralus;migrationStage=NotStarted}
{"logTime": "0416/194328", "correlationVector":"xt6GarSi/OLLIHCxlnWGRq","action":"Commit Request", "result":"", "context":Item count: 1
Contributing types: Sessions}
{"logTime": "0416/194328", "correlationVector":"xt6GarSi/OLLIHCxlnWGRq.1","action":"SyncServerConnectionManagerRequest", "result":"SYNC_SERVER_OK", "context":{"environment":"Prod_northcentralus_prod-s01-050-nam-northcentralus", "migrationStage":"NotStarted", "server":"akswtt007000019"}}
{"logTime": "0416/194328", "correlationVector":"xt6GarSi/OLLIHCxlnWGRq.2","action":"Commit Response", "result":"Success", "context":Result: Success. cV=xt6GarSi/OLLIHCxlnWGRq.0;server=akswtt007000019;cloudType=Consumer;environment=Prod_northcentralus_prod-s01-050-nam-northcentralus;migrationStage=NotStarted}
{"logTime": "0416/194441", "correlationVector":"dJjvGji8ycxyFl23bt7BJY","action":"Commit Request", "result":"", "context":Item count: 1
Contributing types: Sessions}
{"logTime": "0416/194441", "correlationVector":"dJjvGji8ycxyFl23bt7BJY.1","action":"SyncServerConnectionManagerRequest", "result":"SYNC_SERVER_OK", "context":{"environment":"Prod_northcentralus_prod-s01-050-nam-northcentralus", "migrationStage":"NotStarted", "server":"akswtt00700001j"}}
{"logTime": "0416/194441", "correlationVector":"dJjvGji8ycxyFl23bt7BJY.2","action":"Commit Response", "result":"Success", "context":Result: Success. cV=dJjvGji8ycxyFl23bt7BJY.0;server=akswtt00700001j;cloudType=Consumer;environment=Prod_northcentralus_prod-s01-050-nam-northcentralus;migrationStage=NotStarted}
{"logTime": "0416/195104", "correlationVector":"I+NObCDYOgSBuKRZC2gjO9","action":"Commit Request", "result":"", "context":Item count: 1
Contributing types: Sessions}
{"logTime": "0416/195104", "correlationVector":"I+NObCDYOgSBuKRZC2gjO9.1","action":"SyncServerConnectionManagerRequest", "result":"SYNC_SERVER_OK", "context":{"environment":"Prod_northcentralus_prod-s01-050-nam-northcentralus", "migrationStage":"NotStarted", "server":"akswtt00700002g"}}
{"logTime": "0416/195104", "correlationVector":"I+NObCDYOgSBuKRZC2gjO9.2","action":"Commit Response", "result":"Success", "context":Result: Success. cV=I+NObCDYOgSBuKRZC2gjO9.0;server=akswtt00700002g;cloudType=Consumer;environment=Prod_northcentralus_prod-s01-050-nam-northcentralus;migrationStage=NotStarted}
{"logTime": "0416/200715", "correlationVector":"e00NwTjy7ZZXg4MiYAkFbC.1","action":"SyncServerConnectionManagerRequest", "result":"SYNC_SERVER_OK", "context":{"environment":"Prod_northcentralus_prod-s01-050-nam-northcentralus", "migrationStage":"NotStarted", "server":"akswtt00700000f"}}
{"logTime": "0416/200715", "correlationVector":"e00NwTjy7ZZXg4MiYAkFbC.2","action":"ProcessGetUpdates", "result":"Done", "context":{"dataType":"Encryption Keys", "deleted":"0", "process_failed_to_decrypt":"0", "process_pending_decryption":"0", "process_success":"1", "total":"1"}}
{"logTime": "0416/200715", "correlationVector":"RW4Ox86H2wUnAjULrbH0So","action":"SyncServerConnectionManagerRequest", "result":"SYNC_SERVER_OK", "context":{"environment":"", "migrationStage":"", "server":""}}
{"logTime": "0416/200715", "correlationVector":"RW4Ox86H2wUnAjULrbH0So.0","action":"EncryptionKeysFetcher.DownloadKeys:", "result":"Success", "context":Key count: 10, Last key timestamp: 2025-04-15T22:33:02Z}
{"logTime": "0416/200715", "correlationVector":"RW4Ox86H2wUnAjULrbH0So.1","action":"EncryptionKeysManager::SetEncryptionKeys:", "result":"Success", "context":Key names[10]:[9cEyzviQTvPM62nqFb8kOT+eCSZauDlQpxZ2sgFw0YWTCOvUNi5J+ml5TCmWNC6WVDhfl++kBwiGj5p4Mamh4Q==][58tjJINPJXOja9BZTBPhn6XRFZhVt6L6M9OMyBdfyCkshZKgDuHFVO2WCNj/4vly3657bj5m61RXIaO0KrTqIQ==][AoCQfswqKrrjywEYSYHUfo8FP0UW3JInanWk6ujcEF+xA4H20FAhqHHeH2V6NKv9p7cV6xpO3BK/PiWW8bNuGA==][uyCo9E7kANZsbVmf2hdO7IEjH09SrqikglKtsW5RS/uyR5tfuQfvQBj6JdybsaHSX5TMRKsInH8DQwoeXoNREQ==][3w39clg8Dm/E4anSTvS2QnVWu8VHwKQVAl4WcIIExFKbhwdflHVM7yzfFlUxyEvOyUQkhDP+n7y26fnVoVxRyA==][ZiPh1PVV+0ejbGcitE+1FuomJOzv6RN3XQ+uTQSZKQWV7ZRJNhhWJYQuzRM96bYkAkZPh2A5FVYXCdLrr++ZHA==][131yHkr27qUwc3j2xGfRY25nMdNie3Iyvr2CELW+Uz4KlGU4StM9E1SXfA80+kUnGW5IqAQoBgk7J3e+t4oPYA==][n9b1T9fQJrWacr4cvDoErohAlAQnoq9F7+cai0ZZihV+7gM1xcoCuVU7vlo61xtG/gh5Y7eqDurGIP7N0wN5jA==][gEJ3yWdNa3KJ7Z1e5xAYRlnIurZAi5Gl9Jo5qBwjsGe4t5i0dit00YZOnMnA0Mhx0fN+AJxJyv/U3RuC079xTA==][gVqyakXCduiLvkfi6G8n1zobsUAjjOXM0GIV/tNiR4THGAHM6V9xEFhMMyFROUM8k2TGGFrLRWfYclqPxhuhEw==]}
{"logTime": "0416/200715", "correlationVector":"RW4Ox86H2wUnAjULrbH0So.2","action":"EncryptionKeysManager::SetEncryptionKeysWithTimestamps:", "result":"Success", "context":Key timestamps[10]:[2020-07-16T17:16:27Z][2020-12-08T08:35:29Z][2021-09-21T11:30:01Z][2022-04-10T17:29:04Z][2022-10-10T18:35:37Z][2023-04-11T06:17:12Z][2023-10-09T02:40:18Z][2024-04-10T00:19:34Z][2024-10-08T17:42:11Z][2025-04-15T22:33:02Z]}
{"logTime": "0416/200715", "correlationVector":"e00NwTjy7ZZXg4MiYAkFbC","action":"Initial GetUpdates", "result":"", "context":Reason: NEW_CLIENT. cV=e00NwTjy7ZZXg4MiYAkFbC}
{"logTime": "0416/200715", "correlationVector":"e00NwTjy7ZZXg4MiYAkFbC.3","action":"GetUpdates Response", "result":"Success", "context":Received 1 update(s). cV=e00NwTjy7ZZXg4MiYAkFbC.0;server=akswtt00700000f;cloudType=Consumer;environment=Prod_northcentralus_prod-s01-050-nam-northcentralus;migrationStage=NotStarted}
{"logTime": "0416/200715", "correlationVector":"GmTGT4/vxdNIHGDFr0aDtb","action":"Initial GetUpdates", "result":"", "context":Reason: NEWLY_SUPPORTED_DATATYPE. cV=GmTGT4/vxdNIHGDFr0aDtb}
{"logTime": "0416/200715", "correlationVector":"GmTGT4/vxdNIHGDFr0aDtb.1","action":"SyncServerConnectionManagerRequest", "result":"SYNC_SERVER_OK", "context":{"environment":"Prod_northcentralus_prod-s01-050-nam-northcentralus", "migrationStage":"NotStarted", "server":"akswtt007000007"}}
{"logTime": "0416/200715", "correlationVector":"GmTGT4/vxdNIHGDFr0aDtb.2","action":"ProcessGetUpdates", "result":"Done", "context":{"dataType":"Passwords", "deleted":"1", "process_failed_to_decrypt":"0", "process_pending_decryption":"0", "process_success":"191", "total":"191"}}
{"logTime": "0416/200715", "correlationVector":"GmTGT4/vxdNIHGDFr0aDtb.3","action":"GetUpdates Response", "result":"Success", "context":Received 191 update(s). cV=GmTGT4/vxdNIHGDFr0aDtb.0;server=akswtt007000007;cloudType=Consumer;environment=Prod_northcentralus_prod-s01-050-nam-northcentralus;migrationStage=NotStarted}
{"logTime": "0416/200715", "correlationVector":"JAQvle+vdyWr0murWx3lfE","action":"Normal GetUpdate request", "result":"", "context":cV=JAQvle+vdyWr0murWx3lfE
Nudged types: Sessions, History
Refresh requested types: Bookmarks, Preferences, Passwords, Autofill Profiles, Autofill, Extensions, Sessions, Extension settings, History Delete Directives, Device Info, User Consents, Send Tab To Self, Web Apps, History, Saved Tab Group, Collection, Edge E Drop, Edge Hub App Usage, Edge Tab Group, Edge Wallet, Encryption Keys}
{"logTime": "0416/200716", "correlationVector":"JAQvle+vdyWr0murWx3lfE.1","action":"SyncServerConnectionManagerRequest", "result":"SYNC_SERVER_OK", "context":{"environment":"Prod_northcentralus_prod-s01-050-nam-northcentralus", "migrationStage":"NotStarted", "server":"akswtt00700001t"}}
{"logTime": "0416/200716", "correlationVector":"JAQvle+vdyWr0murWx3lfE.2","action":"ProcessGetUpdates", "result":"Done", "context":{"dataType":"Preferences", "deleted":"0", "process_failed_to_decrypt":"0", "process_pending_decryption":"0", "process_success":"1", "total":"1"}}
{"logTime": "0416/200716", "correlationVector":"JAQvle+vdyWr0murWx3lfE.3","action":"ProcessGetUpdates", "result":"Done", "context":{"dataType":"Sessions", "deleted":"1", "process_failed_to_decrypt":"0", "process_pending_decryption":"0", "process_success":"3", "total":"3"}}
{"logTime": "0416/200716", "correlationVector":"JAQvle+vdyWr0murWx3lfE.4","action":"ProcessGetUpdates", "result":"Done", "context":{"dataType":"History", "deleted":"0", "process_failed_to_decrypt":"0", "process_pending_decryption":"0", "process_success":"2", "total":"2"}}
{"logTime": "0416/200716", "correlationVector":"JAQvle+vdyWr0murWx3lfE.5","action":"GetUpdates Response", "result":"Success", "context":Received 6 update(s). cV=JAQvle+vdyWr0murWx3lfE.0;server=akswtt00700001t;cloudType=Consumer;environment=Prod_northcentralus_prod-s01-050-nam-northcentralus;migrationStage=NotStarted}
{"logTime": "0416/200717", "correlationVector":"Nxylm/xNWfwr6E/8m56oaG","action":"Commit Request", "result":"", "context":Item count: 3
Contributing types: Sessions, History}
{"logTime": "0416/200717", "correlationVector":"Nxylm/xNWfwr6E/8m56oaG.1","action":"SyncServerConnectionManagerRequest", "result":"SYNC_SERVER_OK", "context":{"environment":"Prod_northcentralus_prod-s01-050-nam-northcentralus", "migrationStage":"NotStarted", "server":"akswtt00700000a"}}
{"logTime": "0416/200717", "correlationVector":"Nxylm/xNWfwr6E/8m56oaG.2","action":"Commit Response", "result":"Success", "context":Result: Success. cV=Nxylm/xNWfwr6E/8m56oaG.0;server=akswtt00700000a;cloudType=Consumer;environment=Prod_northcentralus_prod-s01-050-nam-northcentralus;migrationStage=NotStarted}
{"logTime": "0416/200729", "correlationVector":"rLPAaNLkQRHIPsEzavecng","action":"Commit Request", "result":"", "context":Item count: 3
Contributing types: Preferences, Sessions, History}
{"logTime": "0416/200729", "correlationVector":"rLPAaNLkQRHIPsEzavecng.1","action":"SyncServerConnectionManagerRequest", "result":"SYNC_SERVER_OK", "context":{"environment":"Prod_northcentralus_prod-s01-050-nam-northcentralus", "migrationStage":"NotStarted", "server":"akswtt007000019"}}
{"logTime": "0416/200729", "correlationVector":"rLPAaNLkQRHIPsEzavecng.2","action":"Commit Response", "result":"Success", "context":Result: Success. cV=rLPAaNLkQRHIPsEzavecng.0;server=akswtt007000019;cloudType=Consumer;environment=Prod_northcentralus_prod-s01-050-nam-northcentralus;migrationStage=NotStarted}
{"logTime": "0416/201109", "correlationVector":"KW5LUv0/4mMjuBAQPuO68s","action":"Commit Request", "result":"", "context":Item count: 1
Contributing types: Sessions}
{"logTime": "0416/201109", "correlationVector":"KW5LUv0/4mMjuBAQPuO68s.1","action":"SyncServerConnectionManagerRequest", "result":"SYNC_SERVER_OK", "context":{"environment":"Prod_northcentralus_prod-s01-050-nam-northcentralus", "migrationStage":"NotStarted", "server":"akswtt00700000l"}}
{"logTime": "0416/201109", "correlationVector":"KW5LUv0/4mMjuBAQPuO68s.2","action":"Commit Response", "result":"Success", "context":Result: Success. cV=KW5LUv0/4mMjuBAQPuO68s.0;server=akswtt00700000l;cloudType=Consumer;environment=Prod_northcentralus_prod-s01-050-nam-northcentralus;migrationStage=NotStarted}
{"logTime": "0416/201234", "correlationVector":"ckNe1rrQvnVK4SuOnVU4uI","action":"Commit Request", "result":"", "context":Item count: 1
Contributing types: Sessions}
{"logTime": "0416/201234", "correlationVector":"ckNe1rrQvnVK4SuOnVU4uI.1","action":"SyncServerConnectionManagerRequest", "result":"SYNC_SERVER_OK", "context":{"environment":"Prod_northcentralus_prod-s01-050-nam-northcentralus", "migrationStage":"NotStarted", "server":"akswtt00700000h"}}
{"logTime": "0416/201234", "correlationVector":"ckNe1rrQvnVK4SuOnVU4uI.2","action":"Commit Response", "result":"Success", "context":Result: Success. cV=ckNe1rrQvnVK4SuOnVU4uI.0;server=akswtt00700000h;cloudType=Consumer;environment=Prod_northcentralus_prod-s01-050-nam-northcentralus;migrationStage=NotStarted}
{"logTime": "0416/201407", "correlationVector":"Kmd2vDVmYgPcHKXrC3vHSS","action":"Commit Request", "result":"", "context":Item count: 1
Contributing types: Sessions}
{"logTime": "0416/201407", "correlationVector":"Kmd2vDVmYgPcHKXrC3vHSS.1","action":"SyncServerConnectionManagerRequest", "result":"SYNC_SERVER_OK", "context":{"environment":"Prod_northcentralus_prod-s01-050-nam-northcentralus", "migrationStage":"NotStarted", "server":"akswtt00700003m"}}
{"logTime": "0416/201407", "correlationVector":"Kmd2vDVmYgPcHKXrC3vHSS.2","action":"Commit Response", "result":"Success", "context":Result: Success. cV=Kmd2vDVmYgPcHKXrC3vHSS.0;server=akswtt00700003m;cloudType=Consumer;environment=Prod_northcentralus_prod-s01-050-nam-northcentralus;migrationStage=NotStarted}
{"logTime": "0416/201538", "correlationVector":"JDdtq1DsMYrza4+VmyYK0P","action":"Commit Request", "result":"", "context":Item count: 1
Contributing types: Sessions}
{"logTime": "0416/201538", "correlationVector":"JDdtq1DsMYrza4+VmyYK0P.1","action":"SyncServerConnectionManagerRequest", "result":"SYNC_SERVER_OK", "context":{"environment":"Prod_northcentralus_prod-s01-050-nam-northcentralus", "migrationStage":"NotStarted", "server":"akswtt00700003i"}}
{"logTime": "0416/201538", "correlationVector":"JDdtq1DsMYrza4+VmyYK0P.2","action":"Commit Response", "result":"Success", "context":Result: Success. cV=JDdtq1DsMYrza4+VmyYK0P.0;server=akswtt00700003i;cloudType=Consumer;environment=Prod_northcentralus_prod-s01-050-nam-northcentralus;migrationStage=NotStarted}
{"logTime": "0416/202422", "correlationVector":"nGxojjQzbrTtadFxkzY7HH","action":"Commit Request", "result":"", "context":Item count: 1
Contributing types: Sessions}
{"logTime": "0416/202422", "correlationVector":"nGxojjQzbrTtadFxkzY7HH.1","action":"SyncServerConnectionManagerRequest", "result":"SYNC_SERVER_OK", "context":{"environment":"Prod_northcentralus_prod-s01-050-nam-northcentralus", "migrationStage":"NotStarted", "server":"akswtt00700000g"}}
{"logTime": "0416/202422", "correlationVector":"nGxojjQzbrTtadFxkzY7HH.2","action":"Commit Response", "result":"Success", "context":Result: Success. cV=nGxojjQzbrTtadFxkzY7HH.0;server=akswtt00700000g;cloudType=Consumer;environment=Prod_northcentralus_prod-s01-050-nam-northcentralus;migrationStage=NotStarted}
{"logTime": "0416/203028", "correlationVector":"BPVBqZGBlGOjJd2D43tFmt","action":"Commit Request", "result":"", "context":Item count: 1
Contributing types: Sessions}
{"logTime": "0416/203028", "correlationVector":"BPVBqZGBlGOjJd2D43tFmt.1","action":"SyncServerConnectionManagerRequest", "result":"SYNC_SERVER_OK", "context":{"environment":"Prod_northcentralus_prod-s01-050-nam-northcentralus", "migrationStage":"NotStarted", "server":"akswtt00700000b"}}
{"logTime": "0416/203028", "correlationVector":"BPVBqZGBlGOjJd2D43tFmt.2","action":"Commit Response", "result":"Success", "context":Result: Success. cV=BPVBqZGBlGOjJd2D43tFmt.0;server=akswtt00700000b;cloudType=Consumer;environment=Prod_northcentralus_prod-s01-050-nam-northcentralus;migrationStage=NotStarted}
{"logTime": "0416/203509", "correlationVector":"R+U9C5yo7AVe52G1Ctmb0n","action":"Commit Request", "result":"", "context":Item count: 1
Contributing types: Sessions}
{"logTime": "0416/203509", "correlationVector":"R+U9C5yo7AVe52G1Ctmb0n.1","action":"SyncServerConnectionManagerRequest", "result":"SYNC_SERVER_OK", "context":{"environment":"Prod_northcentralus_prod-s01-050-nam-northcentralus", "migrationStage":"NotStarted", "server":"akswtt00700002r"}}
{"logTime": "0416/203509", "correlationVector":"R+U9C5yo7AVe52G1Ctmb0n.2","action":"Commit Response", "result":"Success", "context":Result: Success. cV=R+U9C5yo7AVe52G1Ctmb0n.0;server=akswtt00700002r;cloudType=Consumer;environment=Prod_northcentralus_prod-s01-050-nam-northcentralus;migrationStage=NotStarted}
{"logTime": "0416/203820", "correlationVector":"kcPR5F0ikwAjjUnLuSFl76","action":"Commit Request", "result":"", "context":Item count: 1
Contributing types: Sessions}
{"logTime": "0416/203820", "correlationVector":"kcPR5F0ikwAjjUnLuSFl76.1","action":"SyncServerConnectionManagerRequest", "result":"SYNC_SERVER_OK", "context":{"environment":"Prod_northcentralus_prod-s01-050-nam-northcentralus", "migrationStage":"NotStarted", "server":"akswtt007000018"}}
{"logTime": "0416/203820", "correlationVector":"kcPR5F0ikwAjjUnLuSFl76.2","action":"Commit Response", "result":"Success", "context":Result: Success. cV=kcPR5F0ikwAjjUnLuSFl76.0;server=akswtt007000018;cloudType=Consumer;environment=Prod_northcentralus_prod-s01-050-nam-northcentralus;migrationStage=NotStarted}
{"logTime": "0417/002153", "correlationVector":"LXX3O61qZax/AQihtVTSf/.1","action":"SyncServerConnectionManagerRequest", "result":"SYNC_SERVER_OK", "context":{"environment":"Prod_northcentralus_prod-s01-050-nam-northcentralus", "migrationStage":"NotStarted", "server":"akswtt00700003m"}}
{"logTime": "0417/002153", "correlationVector":"LXX3O61qZax/AQihtVTSf/.2","action":"ProcessGetUpdates", "result":"Done", "context":{"dataType":"Encryption Keys", "deleted":"0", "process_failed_to_decrypt":"0", "process_pending_decryption":"0", "process_success":"1", "total":"1"}}
{"logTime": "0417/002153", "correlationVector":"HP/PURem2qcWKlqHKPRlmJ","action":"SyncServerConnectionManagerRequest", "result":"SYNC_SERVER_OK", "context":{"environment":"", "migrationStage":"", "server":""}}
{"logTime": "0417/002153", "correlationVector":"HP/PURem2qcWKlqHKPRlmJ.0","action":"EncryptionKeysFetcher.DownloadKeys:", "result":"Success", "context":Key count: 10, Last key timestamp: 2025-04-15T22:33:02Z}
{"logTime": "0417/002153", "correlationVector":"HP/PURem2qcWKlqHKPRlmJ.1","action":"EncryptionKeysManager::SetEncryptionKeys:", "result":"Success", "context":Key names[10]:[9cEyzviQTvPM62nqFb8kOT+eCSZauDlQpxZ2sgFw0YWTCOvUNi5J+ml5TCmWNC6WVDhfl++kBwiGj5p4Mamh4Q==][58tjJINPJXOja9BZTBPhn6XRFZhVt6L6M9OMyBdfyCkshZKgDuHFVO2WCNj/4vly3657bj5m61RXIaO0KrTqIQ==][AoCQfswqKrrjywEYSYHUfo8FP0UW3JInanWk6ujcEF+xA4H20FAhqHHeH2V6NKv9p7cV6xpO3BK/PiWW8bNuGA==][uyCo9E7kANZsbVmf2hdO7IEjH09SrqikglKtsW5RS/uyR5tfuQfvQBj6JdybsaHSX5TMRKsInH8DQwoeXoNREQ==][3w39clg8Dm/E4anSTvS2QnVWu8VHwKQVAl4WcIIExFKbhwdflHVM7yzfFlUxyEvOyUQkhDP+n7y26fnVoVxRyA==][ZiPh1PVV+0ejbGcitE+1FuomJOzv6RN3XQ+uTQSZKQWV7ZRJNhhWJYQuzRM96bYkAkZPh2A5FVYXCdLrr++ZHA==][131yHkr27qUwc3j2xGfRY25nMdNie3Iyvr2CELW+Uz4KlGU4StM9E1SXfA80+kUnGW5IqAQoBgk7J3e+t4oPYA==][n9b1T9fQJrWacr4cvDoErohAlAQnoq9F7+cai0ZZihV+7gM1xcoCuVU7vlo61xtG/gh5Y7eqDurGIP7N0wN5jA==][gEJ3yWdNa3KJ7Z1e5xAYRlnIurZAi5Gl9Jo5qBwjsGe4t5i0dit00YZOnMnA0Mhx0fN+AJxJyv/U3RuC079xTA==][gVqyakXCduiLvkfi6G8n1zobsUAjjOXM0GIV/tNiR4THGAHM6V9xEFhMMyFROUM8k2TGGFrLRWfYclqPxhuhEw==]}
{"logTime": "0417/002153", "correlationVector":"HP/PURem2qcWKlqHKPRlmJ.2","action":"EncryptionKeysManager::SetEncryptionKeysWithTimestamps:", "result":"Success", "context":Key timestamps[10]:[2020-07-16T17:16:27Z][2020-12-08T08:35:29Z][2021-09-21T11:30:01Z][2022-04-10T17:29:04Z][2022-10-10T18:35:37Z][2023-04-11T06:17:12Z][2023-10-09T02:40:18Z][2024-04-10T00:19:34Z][2024-10-08T17:42:11Z][2025-04-15T22:33:02Z]}
{"logTime": "0417/002153", "correlationVector":"LXX3O61qZax/AQihtVTSf/","action":"Initial GetUpdates", "result":"", "context":Reason: NEW_CLIENT. cV=LXX3O61qZax/AQihtVTSf/}
{"logTime": "0417/002153", "correlationVector":"LXX3O61qZax/AQihtVTSf/.3","action":"GetUpdates Response", "result":"Success", "context":Received 1 update(s). cV=LXX3O61qZax/AQihtVTSf/.0;server=akswtt00700003m;cloudType=Consumer;environment=Prod_northcentralus_prod-s01-050-nam-northcentralus;migrationStage=NotStarted}
{"logTime": "0417/002153", "correlationVector":"EWOOHn1vr4dO5LihstwYUa","action":"Initial GetUpdates", "result":"", "context":Reason: NEWLY_SUPPORTED_DATATYPE. cV=EWOOHn1vr4dO5LihstwYUa}
{"logTime": "0417/002154", "correlationVector":"EWOOHn1vr4dO5LihstwYUa.1","action":"SyncServerConnectionManagerRequest", "result":"SYNC_SERVER_OK", "context":{"environment":"Prod_northcentralus_prod-s01-050-nam-northcentralus", "migrationStage":"NotStarted", "server":"akswtt00700000o"}}
{"logTime": "0417/002154", "correlationVector":"EWOOHn1vr4dO5LihstwYUa.2","action":"ProcessGetUpdates", "result":"Done", "context":{"dataType":"Passwords", "deleted":"1", "process_failed_to_decrypt":"0", "process_pending_decryption":"0", "process_success":"191", "total":"191"}}
{"logTime": "0417/002154", "correlationVector":"EWOOHn1vr4dO5LihstwYUa.3","action":"GetUpdates Response", "result":"Success", "context":Received 191 update(s). cV=EWOOHn1vr4dO5LihstwYUa.0;server=akswtt00700000o;cloudType=Consumer;environment=Prod_northcentralus_prod-s01-050-nam-northcentralus;migrationStage=NotStarted}
{"logTime": "0417/002154", "correlationVector":"qwztTl6mfHmi7w9BXalnyC","action":"Normal GetUpdate request", "result":"", "context":cV=qwztTl6mfHmi7w9BXalnyC
Nudged types: Sessions, Device Info, History
Refresh requested types: Bookmarks, Preferences, Passwords, Autofill Profiles, Autofill, Extensions, Sessions, Extension settings, History Delete Directives, Device Info, User Consents, Send Tab To Self, Web Apps, History, Saved Tab Group, Collection, Edge E Drop, Edge Hub App Usage, Edge Tab Group, Edge Wallet, Encryption Keys}
{"logTime": "0417/002154", "correlationVector":"qwztTl6mfHmi7w9BXalnyC.1","action":"SyncServerConnectionManagerRequest", "result":"SYNC_SERVER_OK", "context":{"environment":"Prod_northcentralus_prod-s01-050-nam-northcentralus", "migrationStage":"NotStarted", "server":"akswtt007000019"}}
{"logTime": "0417/002154", "correlationVector":"qwztTl6mfHmi7w9BXalnyC.2","action":"ProcessGetUpdates", "result":"Done", "context":{"dataType":"Preferences", "deleted":"0", "process_failed_to_decrypt":"0", "process_pending_decryption":"0", "process_success":"1", "total":"1"}}
{"logTime": "0417/002154", "correlationVector":"qwztTl6mfHmi7w9BXalnyC.3","action":"ProcessGetUpdates", "result":"Done", "context":{"dataType":"Sessions", "deleted":"0", "process_failed_to_decrypt":"0", "process_pending_decryption":"0", "process_success":"2", "total":"2"}}
{"logTime": "0417/002154", "correlationVector":"qwztTl6mfHmi7w9BXalnyC.4","action":"ProcessGetUpdates", "result":"Done", "context":{"dataType":"History", "deleted":"0", "process_failed_to_decrypt":"0", "process_pending_decryption":"0", "process_success":"2", "total":"2"}}
{"logTime": "0417/002154", "correlationVector":"qwztTl6mfHmi7w9BXalnyC.5","action":"GetUpdates Response", "result":"Success", "context":Received 5 update(s). cV=qwztTl6mfHmi7w9BXalnyC.0;server=akswtt007000019;cloudType=Consumer;environment=Prod_northcentralus_prod-s01-050-nam-northcentralus;migrationStage=NotStarted}
{"logTime": "0417/002155", "correlationVector":"69iw4tTIHPFggaCJ3nVutP","action":"Commit Request", "result":"", "context":Item count: 7
Contributing types: Sessions, Device Info, History}
{"logTime": "0417/002155", "correlationVector":"69iw4tTIHPFggaCJ3nVutP.1","action":"SyncServerConnectionManagerRequest", "result":"SYNC_SERVER_OK", "context":{"environment":"Prod_northcentralus_prod-s01-050-nam-northcentralus", "migrationStage":"NotStarted", "server":"akswtt00700003m"}}
{"logTime": "0417/002155", "correlationVector":"69iw4tTIHPFggaCJ3nVutP.2","action":"Commit Response", "result":"Success", "context":Result: Success. cV=69iw4tTIHPFggaCJ3nVutP.0;server=akswtt00700003m;cloudType=Consumer;environment=Prod_northcentralus_prod-s01-050-nam-northcentralus;migrationStage=NotStarted}
{"logTime": "0417/002155", "correlationVector":"69iw4tTIHPFggaCJ3nVutP.3","action":"Commit.Sessions", "result":"Success", "context":{"id":"24585d16-4983-4df8-a626-518e054085e7", "isDeleted":"true", "size":"0", "version":"1743635520052"}}
{"logTime": "0417/002155", "correlationVector":"69iw4tTIHPFggaCJ3nVutP.4","action":"Commit.Sessions", "result":"Success", "context":{"id":"5c199422-e6e8-4219-92ac-a91d5acd3a59", "isDeleted":"true", "size":"0", "version":"1743635520053"}}
{"logTime": "0417/002209", "correlationVector":"gkX7iGr/ze4TbzFIeaI4UE","action":"Commit Request", "result":"", "context":Item count: 3
Contributing types: Preferences, Sessions, History}
{"logTime": "0417/002209", "correlationVector":"gkX7iGr/ze4TbzFIeaI4UE.1","action":"SyncServerConnectionManagerRequest", "result":"SYNC_SERVER_OK", "context":{"environment":"Prod_northcentralus_prod-s01-050-nam-northcentralus", "migrationStage":"NotStarted", "server":"akswtt007000026"}}
{"logTime": "0417/002209", "correlationVector":"gkX7iGr/ze4TbzFIeaI4UE.2","action":"Commit Response", "result":"Success", "context":Result: Success. cV=gkX7iGr/ze4TbzFIeaI4UE.0;server=akswtt007000026;cloudType=Consumer;environment=Prod_northcentralus_prod-s01-050-nam-northcentralus;migrationStage=NotStarted}
{"logTime": "0417/002222", "correlationVector":"FP1nWY9+uO6nMos75jehZB","action":"Commit Request", "result":"", "context":Item count: 1
Contributing types: Preferences}
{"logTime": "0417/002222", "correlationVector":"FP1nWY9+uO6nMos75jehZB.1","action":"SyncServerConnectionManagerRequest", "result":"SYNC_SERVER_OK", "context":{"environment":"Prod_northcentralus_prod-s01-050-nam-northcentralus", "migrationStage":"NotStarted", "server":"akswtt00700001c"}}
{"logTime": "0417/002222", "correlationVector":"FP1nWY9+uO6nMos75jehZB.2","action":"Commit Response", "result":"Success", "context":Result: Success. cV=FP1nWY9+uO6nMos75jehZB.0;server=akswtt00700001c;cloudType=Consumer;environment=Prod_northcentralus_prod-s01-050-nam-northcentralus;migrationStage=NotStarted}
{"logTime": "0417/002251", "correlationVector":"NiA+AFSpdGPw0SFhoLyhE9","action":"Commit Request", "result":"", "context":Item count: 1
Contributing types: Preferences}
{"logTime": "0417/002252", "correlationVector":"NiA+AFSpdGPw0SFhoLyhE9.1","action":"SyncServerConnectionManagerRequest", "result":"SYNC_SERVER_OK", "context":{"environment":"Prod_northcentralus_prod-s01-050-nam-northcentralus", "migrationStage":"NotStarted", "server":"akswtt00700000t"}}
{"logTime": "0417/002252", "correlationVector":"NiA+AFSpdGPw0SFhoLyhE9.2","action":"Commit Response", "result":"Success", "context":Result: Success. cV=NiA+AFSpdGPw0SFhoLyhE9.0;server=akswtt00700000t;cloudType=Consumer;environment=Prod_northcentralus_prod-s01-050-nam-northcentralus;migrationStage=NotStarted}
{"logTime": "0417/002255", "correlationVector":"KKod96ZVwnJ4mdl9IIESZ0","action":"Commit Request", "result":"", "context":Item count: 2
Contributing types: Preferences, Sessions}
{"logTime": "0417/002255", "correlationVector":"KKod96ZVwnJ4mdl9IIESZ0.1","action":"SyncServerConnectionManagerRequest", "result":"SYNC_SERVER_OK", "context":{"environment":"Prod_northcentralus_prod-s01-050-nam-northcentralus", "migrationStage":"NotStarted", "server":"akswtt00700001h"}}
{"logTime": "0417/002255", "correlationVector":"KKod96ZVwnJ4mdl9IIESZ0.2","action":"Commit Response", "result":"Success", "context":Result: Success. cV=KKod96ZVwnJ4mdl9IIESZ0.0;server=akswtt00700001h;cloudType=Consumer;environment=Prod_northcentralus_prod-s01-050-nam-northcentralus;migrationStage=NotStarted}
{"logTime": "0417/002255", "correlationVector":"KKod96ZVwnJ4mdl9IIESZ0.3","action":"Commit.Preferences", "result":"Success", "context":{"id":"ddc5cf40-d441-4164-982d-75d08e8aefef", "isDeleted":"true", "size":"0", "version":"1744849371596"}}
{"logTime": "0417/002355", "correlationVector":"O4onb57TYlJpeWF8cOxBkH","action":"Commit Request", "result":"", "context":Item count: 3
Contributing types: Sessions, History}
{"logTime": "0417/002356", "correlationVector":"O4onb57TYlJpeWF8cOxBkH.1","action":"SyncServerConnectionManagerRequest", "result":"SYNC_SERVER_OK", "context":{"environment":"Prod_northcentralus_prod-s01-050-nam-northcentralus", "migrationStage":"NotStarted", "server":"akswtt007000022"}}
{"logTime": "0417/002356", "correlationVector":"O4onb57TYlJpeWF8cOxBkH.2","action":"Commit Response", "result":"Success", "context":Result: Success. cV=O4onb57TYlJpeWF8cOxBkH.0;server=akswtt007000022;cloudType=Consumer;environment=Prod_northcentralus_prod-s01-050-nam-northcentralus;migrationStage=NotStarted}
{"logTime": "0417/002400", "correlationVector":"wq9WKDg5p9TfWRty27vwaA","action":"Commit Request", "result":"", "context":Item count: 1
Contributing types: Device Info}
{"logTime": "0417/002400", "correlationVector":"wq9WKDg5p9TfWRty27vwaA.1","action":"SyncServerConnectionManagerRequest", "result":"SYNC_SERVER_OK", "context":{"environment":"Prod_northcentralus_prod-s01-050-nam-northcentralus", "migrationStage":"NotStarted", "server":"akswtt007000026"}}
{"logTime": "0417/002400", "correlationVector":"wq9WKDg5p9TfWRty27vwaA.2","action":"Commit Response", "result":"Success", "context":Result: Success. cV=wq9WKDg5p9TfWRty27vwaA.0;server=akswtt007000026;cloudType=Consumer;environment=Prod_northcentralus_prod-s01-050-nam-northcentralus;migrationStage=NotStarted}
{"logTime": "0417/002818", "correlationVector":"9ObxTO4bj+3Y3SlMvo6lLY","action":"Commit Request", "result":"", "context":Item count: 1
Contributing types: Sessions}
{"logTime": "0417/002818", "correlationVector":"9ObxTO4bj+3Y3SlMvo6lLY.1","action":"SyncServerConnectionManagerRequest", "result":"SYNC_SERVER_OK", "context":{"environment":"Prod_northcentralus_prod-s01-050-nam-northcentralus", "migrationStage":"NotStarted", "server":"akswtt00700000a"}}
{"logTime": "0417/002818", "correlationVector":"9ObxTO4bj+3Y3SlMvo6lLY.2","action":"Commit Response", "result":"Success", "context":Result: Success. cV=9ObxTO4bj+3Y3SlMvo6lLY.0;server=akswtt00700000a;cloudType=Consumer;environment=Prod_northcentralus_prod-s01-050-nam-northcentralus;migrationStage=NotStarted}
{"logTime": "0417/002926", "correlationVector":"zUQ0U7mzmgNQ4sdStC984q","action":"Commit Request", "result":"", "context":Item count: 1
Contributing types: Sessions}
{"logTime": "0417/002926", "correlationVector":"zUQ0U7mzmgNQ4sdStC984q.1","action":"SyncServerConnectionManagerRequest", "result":"SYNC_SERVER_OK", "context":{"environment":"Prod_northcentralus_prod-s01-050-nam-northcentralus", "migrationStage":"NotStarted", "server":"akswtt00700000r"}}
{"logTime": "0417/002926", "correlationVector":"zUQ0U7mzmgNQ4sdStC984q.2","action":"Commit Response", "result":"Success", "context":Result: Success. cV=zUQ0U7mzmgNQ4sdStC984q.0;server=akswtt00700000r;cloudType=Consumer;environment=Prod_northcentralus_prod-s01-050-nam-northcentralus;migrationStage=NotStarted}
{"logTime": "0417/003517", "correlationVector":"f5aMMyeGzEz2LxV+A+yX+K","action":"Commit Request", "result":"", "context":Item count: 1
Contributing types: Sessions}
{"logTime": "0417/003517", "correlationVector":"f5aMMyeGzEz2LxV+A+yX+K.1","action":"SyncServerConnectionManagerRequest", "result":"SYNC_AUTH_ERROR", "context":{"environment":"Prod_northcentralus_prod-s01-050-nam-northcentralus", "migrationStage":"NotStarted", "server":"akswtt007000011"}}
{"logTime": "0417/003517", "correlationVector":"f5aMMyeGzEz2LxV+A+yX+K.2","action":"Commit Response", "result":"HTTP error (401)", "context":Result: HTTP error (401). cV=f5aMMyeGzEz2LxV+A+yX+K.0;server=akswtt007000011;cloudType=Undetermined;environment=Prod_northcentralus_prod-s01-050-nam-northcentralus;migrationStage=NotStarted}
{"logTime": "0417/003518", "correlationVector":"LbELHhfmsZ0T4shBfC3vdo","action":"Commit Request", "result":"", "context":Item count: 1
Contributing types: Sessions}
{"logTime": "0417/003518", "correlationVector":"LbELHhfmsZ0T4shBfC3vdo.1","action":"SyncServerConnectionManagerRequest", "result":"SYNC_SERVER_OK", "context":{"environment":"Prod_northcentralus_prod-s01-050-nam-northcentralus", "migrationStage":"NotStarted", "server":"akswtt00700003m"}}
{"logTime": "0417/003518", "correlationVector":"LbELHhfmsZ0T4shBfC3vdo.2","action":"Commit Response", "result":"Success", "context":Result: Success. cV=LbELHhfmsZ0T4shBfC3vdo.0;server=akswtt00700003m;cloudType=Consumer;environment=Prod_northcentralus_prod-s01-050-nam-northcentralus;migrationStage=NotStarted}
{"logTime": "0417/003738", "correlationVector":"6xIOo+/rtJmP0xbEaBKnNQ","action":"Commit Request", "result":"", "context":Item count: 1
Contributing types: Sessions}
{"logTime": "0417/003738", "correlationVector":"6xIOo+/rtJmP0xbEaBKnNQ.1","action":"SyncServerConnectionManagerRequest", "result":"SYNC_SERVER_OK", "context":{"environment":"Prod_northcentralus_prod-s01-050-nam-northcentralus", "migrationStage":"NotStarted", "server":"akswtt00700002n"}}
{"logTime": "0417/003738", "correlationVector":"6xIOo+/rtJmP0xbEaBKnNQ.2","action":"Commit Response", "result":"Success", "context":Result: Success. cV=6xIOo+/rtJmP0xbEaBKnNQ.0;server=akswtt00700002n;cloudType=Consumer;environment=Prod_northcentralus_prod-s01-050-nam-northcentralus;migrationStage=NotStarted}
{"logTime": "0417/003847", "correlationVector":"O8L5rG2RbPyODfJidlvzHM","action":"Commit Request", "result":"", "context":Item count: 1
Contributing types: Sessions}
{"logTime": "0417/003847", "correlationVector":"O8L5rG2RbPyODfJidlvzHM.1","action":"SyncServerConnectionManagerRequest", "result":"SYNC_SERVER_OK", "context":{"environment":"Prod_northcentralus_prod-s01-050-nam-northcentralus", "migrationStage":"NotStarted", "server":"akswtt00700000l"}}
{"logTime": "0417/003847", "correlationVector":"O8L5rG2RbPyODfJidlvzHM.2","action":"Commit Response", "result":"Success", "context":Result: Success. cV=O8L5rG2RbPyODfJidlvzHM.0;server=akswtt00700000l;cloudType=Consumer;environment=Prod_northcentralus_prod-s01-050-nam-northcentralus;migrationStage=NotStarted}
{"logTime": "0417/004335", "correlationVector":"K3/bz8Z+r02Z3WeDUXH3Eg","action":"Commit Request", "result":"", "context":Item count: 1
Contributing types: Sessions}
{"logTime": "0417/004336", "correlationVector":"K3/bz8Z+r02Z3WeDUXH3Eg.1","action":"SyncServerConnectionManagerRequest", "result":"SYNC_SERVER_OK", "context":{"environment":"Prod_northcentralus_prod-s01-050-nam-northcentralus", "migrationStage":"NotStarted", "server":"akswtt00700000r"}}
{"logTime": "0417/004336", "correlationVector":"K3/bz8Z+r02Z3WeDUXH3Eg.2","action":"Commit Response", "result":"Success", "context":Result: Success. cV=K3/bz8Z+r02Z3WeDUXH3Eg.0;server=akswtt00700000r;cloudType=Consumer;environment=Prod_northcentralus_prod-s01-050-nam-northcentralus;migrationStage=NotStarted}
{"logTime": "0417/004457", "correlationVector":"nLMuVT8iPZolB5LzvjM+3e","action":"Commit Request", "result":"", "context":Item count: 1
Contributing types: Sessions}
{"logTime": "0417/004457", "correlationVector":"nLMuVT8iPZolB5LzvjM+3e.1","action":"SyncServerConnectionManagerRequest", "result":"SYNC_SERVER_OK", "context":{"environment":"Prod_northcentralus_prod-s01-050-nam-northcentralus", "migrationStage":"NotStarted", "server":"akswtt00700002k"}}
{"logTime": "0417/004457", "correlationVector":"nLMuVT8iPZolB5LzvjM+3e.2","action":"Commit Response", "result":"Success", "context":Result: Success. cV=nLMuVT8iPZolB5LzvjM+3e.0;server=akswtt00700002k;cloudType=Consumer;environment=Prod_northcentralus_prod-s01-050-nam-northcentralus;migrationStage=NotStarted}
{"logTime": "0417/004612", "correlationVector":"eyc4n2svv1lJurTNYtTe9A","action":"Commit Request", "result":"", "context":Item count: 1
Contributing types: Sessions}
{"logTime": "0417/004612", "correlationVector":"eyc4n2svv1lJurTNYtTe9A.1","action":"SyncServerConnectionManagerRequest", "result":"SYNC_SERVER_OK", "context":{"environment":"Prod_northcentralus_prod-s01-050-nam-northcentralus", "migrationStage":"NotStarted", "server":"akswtt00700001l"}}
{"logTime": "0417/004612", "correlationVector":"eyc4n2svv1lJurTNYtTe9A.2","action":"Commit Response", "result":"Success", "context":Result: Success. cV=eyc4n2svv1lJurTNYtTe9A.0;server=akswtt00700001l;cloudType=Consumer;environment=Prod_northcentralus_prod-s01-050-nam-northcentralus;migrationStage=NotStarted}
{"logTime": "0417/005831", "correlationVector":"S4H5OHIvy0h2bI0DiODhvg.1","action":"SyncServerConnectionManagerRequest", "result":"SYNC_SERVER_OK", "context":{"environment":"Prod_northcentralus_prod-s01-050-nam-northcentralus", "migrationStage":"NotStarted", "server":"akswtt00700003i"}}
{"logTime": "0417/005831", "correlationVector":"S4H5OHIvy0h2bI0DiODhvg.2","action":"ProcessGetUpdates", "result":"Done", "context":{"dataType":"Encryption Keys", "deleted":"0", "process_failed_to_decrypt":"0", "process_pending_decryption":"0", "process_success":"1", "total":"1"}}
{"logTime": "0417/005831", "correlationVector":"6s1+uLsAEM9dfcN1B5Xtrl","action":"SyncServerConnectionManagerRequest", "result":"SYNC_SERVER_OK", "context":{"environment":"", "migrationStage":"", "server":""}}
{"logTime": "0417/005831", "correlationVector":"6s1+uLsAEM9dfcN1B5Xtrl.0","action":"EncryptionKeysFetcher.DownloadKeys:", "result":"Success", "context":Key count: 10, Last key timestamp: 2025-04-15T22:33:02Z}
{"logTime": "0417/005831", "correlationVector":"6s1+uLsAEM9dfcN1B5Xtrl.1","action":"EncryptionKeysManager::SetEncryptionKeys:", "result":"Success", "context":Key names[10]:[9cEyzviQTvPM62nqFb8kOT+eCSZauDlQpxZ2sgFw0YWTCOvUNi5J+ml5TCmWNC6WVDhfl++kBwiGj5p4Mamh4Q==][58tjJINPJXOja9BZTBPhn6XRFZhVt6L6M9OMyBdfyCkshZKgDuHFVO2WCNj/4vly3657bj5m61RXIaO0KrTqIQ==][AoCQfswqKrrjywEYSYHUfo8FP0UW3JInanWk6ujcEF+xA4H20FAhqHHeH2V6NKv9p7cV6xpO3BK/PiWW8bNuGA==][uyCo9E7kANZsbVmf2hdO7IEjH09SrqikglKtsW5RS/uyR5tfuQfvQBj6JdybsaHSX5TMRKsInH8DQwoeXoNREQ==][3w39clg8Dm/E4anSTvS2QnVWu8VHwKQVAl4WcIIExFKbhwdflHVM7yzfFlUxyEvOyUQkhDP+n7y26fnVoVxRyA==][ZiPh1PVV+0ejbGcitE+1FuomJOzv6RN3XQ+uTQSZKQWV7ZRJNhhWJYQuzRM96bYkAkZPh2A5FVYXCdLrr++ZHA==][131yHkr27qUwc3j2xGfRY25nMdNie3Iyvr2CELW+Uz4KlGU4StM9E1SXfA80+kUnGW5IqAQoBgk7J3e+t4oPYA==][n9b1T9fQJrWacr4cvDoErohAlAQnoq9F7+cai0ZZihV+7gM1xcoCuVU7vlo61xtG/gh5Y7eqDurGIP7N0wN5jA==][gEJ3yWdNa3KJ7Z1e5xAYRlnIurZAi5Gl9Jo5qBwjsGe4t5i0dit00YZOnMnA0Mhx0fN+AJxJyv/U3RuC079xTA==][gVqyakXCduiLvkfi6G8n1zobsUAjjOXM0GIV/tNiR4THGAHM6V9xEFhMMyFROUM8k2TGGFrLRWfYclqPxhuhEw==]}
{"logTime": "0417/005831", "correlationVector":"6s1+uLsAEM9dfcN1B5Xtrl.2","action":"EncryptionKeysManager::SetEncryptionKeysWithTimestamps:", "result":"Success", "context":Key timestamps[10]:[2020-07-16T17:16:27Z][2020-12-08T08:35:29Z][2021-09-21T11:30:01Z][2022-04-10T17:29:04Z][2022-10-10T18:35:37Z][2023-04-11T06:17:12Z][2023-10-09T02:40:18Z][2024-04-10T00:19:34Z][2024-10-08T17:42:11Z][2025-04-15T22:33:02Z]}
{"logTime": "0417/005831", "correlationVector":"S4H5OHIvy0h2bI0DiODhvg","action":"Initial GetUpdates", "result":"", "context":Reason: NEW_CLIENT. cV=S4H5OHIvy0h2bI0DiODhvg}
{"logTime": "0417/005831", "correlationVector":"S4H5OHIvy0h2bI0DiODhvg.3","action":"GetUpdates Response", "result":"Success", "context":Received 1 update(s). cV=S4H5OHIvy0h2bI0DiODhvg.0;server=akswtt00700003i;cloudType=Consumer;environment=Prod_northcentralus_prod-s01-050-nam-northcentralus;migrationStage=NotStarted}
{"logTime": "0417/005831", "correlationVector":"x/sVMKEnPjk78nc2KEvIct","action":"Initial GetUpdates", "result":"", "context":Reason: NEWLY_SUPPORTED_DATATYPE. cV=x/sVMKEnPjk78nc2KEvIct}
{"logTime": "0417/005832", "correlationVector":"x/sVMKEnPjk78nc2KEvIct.1","action":"SyncServerConnectionManagerRequest", "result":"SYNC_SERVER_OK", "context":{"environment":"Prod_northcentralus_prod-s01-050-nam-northcentralus", "migrationStage":"NotStarted", "server":"akswtt007000019"}}
{"logTime": "0417/005832", "correlationVector":"x/sVMKEnPjk78nc2KEvIct.2","action":"ProcessGetUpdates", "result":"Done", "context":{"dataType":"Passwords", "deleted":"1", "process_failed_to_decrypt":"0", "process_pending_decryption":"0", "process_success":"191", "total":"191"}}
{"logTime": "0417/005832", "correlationVector":"x/sVMKEnPjk78nc2KEvIct.3","action":"GetUpdates Response", "result":"Success", "context":Received 191 update(s). cV=x/sVMKEnPjk78nc2KEvIct.0;server=akswtt007000019;cloudType=Consumer;environment=Prod_northcentralus_prod-s01-050-nam-northcentralus;migrationStage=NotStarted}
{"logTime": "0417/005832", "correlationVector":"B71PIYX8FRJ6jJaqWYz2TS","action":"Normal GetUpdate request", "result":"", "context":cV=B71PIYX8FRJ6jJaqWYz2TS
Nudged types: Sessions, Device Info, History
Refresh requested types: Bookmarks, Preferences, Passwords, Autofill Profiles, Autofill, Extensions, Sessions, Extension settings, History Delete Directives, Device Info, User Consents, Send Tab To Self, Web Apps, History, Saved Tab Group, Collection, Edge E Drop, Edge Hub App Usage, Edge Tab Group, Edge Wallet, Encryption Keys}
{"logTime": "0417/005832", "correlationVector":"B71PIYX8FRJ6jJaqWYz2TS.1","action":"SyncServerConnectionManagerRequest", "result":"SYNC_SERVER_OK", "context":{"environment":"Prod_northcentralus_prod-s01-050-nam-northcentralus", "migrationStage":"NotStarted", "server":"akswtt00700000b"}}
{"logTime": "0417/005832", "correlationVector":"B71PIYX8FRJ6jJaqWYz2TS.2","action":"ProcessGetUpdates", "result":"Done", "context":{"dataType":"Preferences", "deleted":"1", "process_failed_to_decrypt":"0", "process_pending_decryption":"0", "process_success":"3", "total":"3"}}
{"logTime": "0417/005832", "correlationVector":"B71PIYX8FRJ6jJaqWYz2TS.3","action":"ProcessGetUpdates", "result":"Done", "context":{"dataType":"Sessions", "deleted":"2", "process_failed_to_decrypt":"0", "process_pending_decryption":"0", "process_success":"4", "total":"4"}}
{"logTime": "0417/005832", "correlationVector":"B71PIYX8FRJ6jJaqWYz2TS.4","action":"ProcessGetUpdates", "result":"Done", "context":{"dataType":"Device Info", "deleted":"0", "process_failed_to_decrypt":"0", "process_pending_decryption":"0", "process_success":"1", "total":"1"}}
{"logTime": "0417/005832", "correlationVector":"B71PIYX8FRJ6jJaqWYz2TS.5","action":"ProcessGetUpdates", "result":"Done", "context":{"dataType":"History", "deleted":"0", "process_failed_to_decrypt":"0", "process_pending_decryption":"0", "process_success":"3", "total":"3"}}
{"logTime": "0417/005832", "correlationVector":"B71PIYX8FRJ6jJaqWYz2TS.6","action":"GetUpdates Response", "result":"Success", "context":Received 11 update(s). cV=B71PIYX8FRJ6jJaqWYz2TS.0;server=akswtt00700000b;cloudType=Consumer;environment=Prod_northcentralus_prod-s01-050-nam-northcentralus;migrationStage=NotStarted}
{"logTime": "0417/005833", "correlationVector":"a3dzXJK+nNkXjCq/+R+Mng","action":"Commit Request", "result":"", "context":Item count: 4
Contributing types: Sessions, Device Info, History}
{"logTime": "0417/005833", "correlationVector":"a3dzXJK+nNkXjCq/+R+Mng.1","action":"SyncServerConnectionManagerRequest", "result":"SYNC_SERVER_OK", "context":{"environment":"Prod_northcentralus_prod-s01-050-nam-northcentralus", "migrationStage":"NotStarted", "server":"akswtt00700000a"}}
{"logTime": "0417/005833", "correlationVector":"a3dzXJK+nNkXjCq/+R+Mng.2","action":"Commit Response", "result":"Success", "context":Result: Success. cV=a3dzXJK+nNkXjCq/+R+Mng.0;server=akswtt00700000a;cloudType=Consumer;environment=Prod_northcentralus_prod-s01-050-nam-northcentralus;migrationStage=NotStarted}
{"logTime": "0417/005847", "correlationVector":"dgm7vXV+1INXv23YpGkKxU","action":"Commit Request", "result":"", "context":Item count: 3
Contributing types: Preferences, Sessions, History}
{"logTime": "0417/005847", "correlationVector":"dgm7vXV+1INXv23YpGkKxU.1","action":"SyncServerConnectionManagerRequest", "result":"SYNC_SERVER_OK", "context":{"environment":"Prod_northcentralus_prod-s01-050-nam-northcentralus", "migrationStage":"NotStarted", "server":"akswtt00700000c"}}
{"logTime": "0417/005847", "correlationVector":"dgm7vXV+1INXv23YpGkKxU.2","action":"Commit Response", "result":"Success", "context":Result: Success. cV=dgm7vXV+1INXv23YpGkKxU.0;server=akswtt00700000c;cloudType=Consumer;environment=Prod_northcentralus_prod-s01-050-nam-northcentralus;migrationStage=NotStarted}
{"logTime": "0417/010038", "correlationVector":"VCbclq+vR3/w6y0ngt5eLn","action":"Poll GetUpdate request", "result":"", "context":cV=VCbclq+vR3/w6y0ngt5eLn}
{"logTime": "0417/010038", "correlationVector":"VCbclq+vR3/w6y0ngt5eLn.1","action":"SyncServerConnectionManagerRequest", "result":"SYNC_SERVER_OK", "context":{"environment":"Prod_northcentralus_prod-s01-050-nam-northcentralus", "migrationStage":"NotStarted", "server":"akswtt007000005"}}
{"logTime": "0417/010038", "correlationVector":"VCbclq+vR3/w6y0ngt5eLn.2","action":"ProcessGetUpdates", "result":"Done", "context":{"dataType":"Preferences", "deleted":"0", "process_failed_to_decrypt":"0", "process_pending_decryption":"0", "process_success":"1", "total":"1"}}
{"logTime": "0417/010038", "correlationVector":"VCbclq+vR3/w6y0ngt5eLn.3","action":"ProcessGetUpdates", "result":"Done", "context":{"dataType":"Sessions", "deleted":"0", "process_failed_to_decrypt":"0", "process_pending_decryption":"0", "process_success":"2", "total":"2"}}
{"logTime": "0417/010038", "correlationVector":"VCbclq+vR3/w6y0ngt5eLn.4","action":"ProcessGetUpdates", "result":"Done", "context":{"dataType":"Device Info", "deleted":"0", "process_failed_to_decrypt":"0", "process_pending_decryption":"0", "process_success":"1", "total":"1"}}
{"logTime": "0417/010038", "correlationVector":"VCbclq+vR3/w6y0ngt5eLn.5","action":"ProcessGetUpdates", "result":"Done", "context":{"dataType":"History", "deleted":"0", "process_failed_to_decrypt":"0", "process_pending_decryption":"0", "process_success":"2", "total":"2"}}
{"logTime": "0417/010038", "correlationVector":"VCbclq+vR3/w6y0ngt5eLn.6","action":"GetUpdates Response", "result":"Success", "context":Received 6 update(s). cV=VCbclq+vR3/w6y0ngt5eLn.0;server=akswtt007000005;cloudType=Consumer;environment=Prod_northcentralus_prod-s01-050-nam-northcentralus;migrationStage=NotStarted}
{"logTime": "0417/010709", "correlationVector":"rZSqNiCx9qh/Bp1NgIViED","action":"Commit Request", "result":"", "context":Item count: 1
Contributing types: Sessions}
{"logTime": "0417/010709", "correlationVector":"rZSqNiCx9qh/Bp1NgIViED.1","action":"SyncServerConnectionManagerRequest", "result":"SYNC_SERVER_OK", "context":{"environment":"Prod_northcentralus_prod-s01-050-nam-northcentralus", "migrationStage":"NotStarted", "server":"akswtt007000001"}}
{"logTime": "0417/010709", "correlationVector":"rZSqNiCx9qh/Bp1NgIViED.2","action":"Commit Response", "result":"Success", "context":Result: Success. cV=rZSqNiCx9qh/Bp1NgIViED.0;server=akswtt007000001;cloudType=Consumer;environment=Prod_northcentralus_prod-s01-050-nam-northcentralus;migrationStage=NotStarted}
{"logTime": "0417/010840", "correlationVector":"bKrTFSxgndMN1il30Jm7MN","action":"Commit Request", "result":"", "context":Item count: 1
Contributing types: Sessions}
{"logTime": "0417/010840", "correlationVector":"bKrTFSxgndMN1il30Jm7MN.1","action":"SyncServerConnectionManagerRequest", "result":"SYNC_SERVER_OK", "context":{"environment":"Prod_northcentralus_prod-s01-050-nam-northcentralus", "migrationStage":"NotStarted", "server":"akswtt00700000o"}}
{"logTime": "0417/010840", "correlationVector":"bKrTFSxgndMN1il30Jm7MN.2","action":"Commit Response", "result":"Success", "context":Result: Success. cV=bKrTFSxgndMN1il30Jm7MN.0;server=akswtt00700000o;cloudType=Consumer;environment=Prod_northcentralus_prod-s01-050-nam-northcentralus;migrationStage=NotStarted}
{"logTime": "0417/010955", "correlationVector":"JcFFCZelarvKO7ANLg5Z/m","action":"Commit Request", "result":"", "context":Item count: 1
Contributing types: Sessions}
{"logTime": "0417/010955", "correlationVector":"JcFFCZelarvKO7ANLg5Z/m.1","action":"SyncServerConnectionManagerRequest", "result":"SYNC_SERVER_OK", "context":{"environment":"Prod_northcentralus_prod-s01-050-nam-northcentralus", "migrationStage":"NotStarted", "server":"akswtt007000019"}}
{"logTime": "0417/010955", "correlationVector":"JcFFCZelarvKO7ANLg5Z/m.2","action":"Commit Response", "result":"Success", "context":Result: Success. cV=JcFFCZelarvKO7ANLg5Z/m.0;server=akswtt007000019;cloudType=Consumer;environment=Prod_northcentralus_prod-s01-050-nam-northcentralus;migrationStage=NotStarted}
{"logTime": "0417/011749", "correlationVector":"EYugIp8BA4/UyVN49pPUPb","action":"Commit Request", "result":"", "context":Item count: 3
Contributing types: Sessions, History}
{"logTime": "0417/011749", "correlationVector":"EYugIp8BA4/UyVN49pPUPb.1","action":"SyncServerConnectionManagerRequest", "result":"SYNC_SERVER_OK", "context":{"environment":"Prod_northcentralus_prod-s01-050-nam-northcentralus", "migrationStage":"NotStarted", "server":"akswtt00700000w"}}
{"logTime": "0417/011749", "correlationVector":"EYugIp8BA4/UyVN49pPUPb.2","action":"Commit Response", "result":"Success", "context":Result: Success. cV=EYugIp8BA4/UyVN49pPUPb.0;server=akswtt00700000w;cloudType=Consumer;environment=Prod_northcentralus_prod-s01-050-nam-northcentralus;migrationStage=NotStarted}
{"logTime": "0417/011859", "correlationVector":"CWg9L2/oPUlUnKnyD2Ou2y","action":"Commit Request", "result":"", "context":Item count: 1
Contributing types: Sessions}
{"logTime": "0417/011859", "correlationVector":"CWg9L2/oPUlUnKnyD2Ou2y.1","action":"SyncServerConnectionManagerRequest", "result":"SYNC_SERVER_OK", "context":{"environment":"Prod_northcentralus_prod-s01-050-nam-northcentralus", "migrationStage":"NotStarted", "server":"akswtt00700000x"}}
{"logTime": "0417/011859", "correlationVector":"CWg9L2/oPUlUnKnyD2Ou2y.2","action":"Commit Response", "result":"Success", "context":Result: Success. cV=CWg9L2/oPUlUnKnyD2Ou2y.0;server=akswtt00700000x;cloudType=Consumer;environment=Prod_northcentralus_prod-s01-050-nam-northcentralus;migrationStage=NotStarted}
{"logTime": "0417/012009", "correlationVector":"GyGwf0iRkH8NgEOTobYHvb","action":"Commit Request", "result":"", "context":Item count: 1
Contributing types: Sessions}
{"logTime": "0417/012009", "correlationVector":"GyGwf0iRkH8NgEOTobYHvb.1","action":"SyncServerConnectionManagerRequest", "result":"SYNC_SERVER_OK", "context":{"environment":"Prod_northcentralus_prod-s01-050-nam-northcentralus", "migrationStage":"NotStarted", "server":"akswtt007000003"}}
{"logTime": "0417/012009", "correlationVector":"GyGwf0iRkH8NgEOTobYHvb.2","action":"Commit Response", "result":"Success", "context":Result: Success. cV=GyGwf0iRkH8NgEOTobYHvb.0;server=akswtt007000003;cloudType=Consumer;environment=Prod_northcentralus_prod-s01-050-nam-northcentralus;migrationStage=NotStarted}
{"logTime": "0417/012213", "correlationVector":"qEvwaNp666CjC6xV6WyPES","action":"Commit Request", "result":"", "context":Item count: 1
Contributing types: Sessions}
{"logTime": "0417/012213", "correlationVector":"qEvwaNp666CjC6xV6WyPES.1","action":"SyncServerConnectionManagerRequest", "result":"SYNC_SERVER_OK", "context":{"environment":"Prod_northcentralus_prod-s01-050-nam-northcentralus", "migrationStage":"NotStarted", "server":"akswtt007000011"}}
{"logTime": "0417/012213", "correlationVector":"qEvwaNp666CjC6xV6WyPES.2","action":"Commit Response", "result":"Success", "context":Result: Success. cV=qEvwaNp666CjC6xV6WyPES.0;server=akswtt007000011;cloudType=Consumer;environment=Prod_northcentralus_prod-s01-050-nam-northcentralus;migrationStage=NotStarted}
{"logTime": "0417/012435", "correlationVector":"WNVXcZ/DQcrDEomybXKZN+","action":"Commit Request", "result":"", "context":Item count: 1
Contributing types: Sessions}
{"logTime": "0417/012435", "correlationVector":"WNVXcZ/DQcrDEomybXKZN+.1","action":"SyncServerConnectionManagerRequest", "result":"SYNC_SERVER_OK", "context":{"environment":"Prod_northcentralus_prod-s01-050-nam-northcentralus", "migrationStage":"NotStarted", "server":"akswtt00700002d"}}
{"logTime": "0417/012435", "correlationVector":"WNVXcZ/DQcrDEomybXKZN+.2","action":"Commit Response", "result":"Success", "context":Result: Success. cV=WNVXcZ/DQcrDEomybXKZN+.0;server=akswtt00700002d;cloudType=Consumer;environment=Prod_northcentralus_prod-s01-050-nam-northcentralus;migrationStage=NotStarted}
{"logTime": "0417/013150", "correlationVector":"B0omCin071aoed5lRd+z1w","action":"Commit Request", "result":"", "context":Item count: 1
Contributing types: Sessions}
{"logTime": "0417/013151", "correlationVector":"B0omCin071aoed5lRd+z1w.1","action":"SyncServerConnectionManagerRequest", "result":"SYNC_SERVER_OK", "context":{"environment":"Prod_northcentralus_prod-s01-050-nam-northcentralus", "migrationStage":"NotStarted", "server":"akswtt00700002o"}}
{"logTime": "0417/013151", "correlationVector":"B0omCin071aoed5lRd+z1w.2","action":"Commit Response", "result":"Success", "context":Result: Success. cV=B0omCin071aoed5lRd+z1w.0;server=akswtt00700002o;cloudType=Consumer;environment=Prod_northcentralus_prod-s01-050-nam-northcentralus;migrationStage=NotStarted}
{"logTime": "0417/013321", "correlationVector":"IfiTT+FIOsEdw6L15LIwCi","action":"Commit Request", "result":"", "context":Item count: 1
Contributing types: Sessions}
{"logTime": "0417/013321", "correlationVector":"IfiTT+FIOsEdw6L15LIwCi.1","action":"SyncServerConnectionManagerRequest", "result":"SYNC_SERVER_OK", "context":{"environment":"Prod_northcentralus_prod-s01-050-nam-northcentralus", "migrationStage":"NotStarted", "server":"akswtt00700002r"}}
{"logTime": "0417/013321", "correlationVector":"IfiTT+FIOsEdw6L15LIwCi.2","action":"Commit Response", "result":"Success", "context":Result: Success. cV=IfiTT+FIOsEdw6L15LIwCi.0;server=akswtt00700002r;cloudType=Consumer;environment=Prod_northcentralus_prod-s01-050-nam-northcentralus;migrationStage=NotStarted}
{"logTime": "0417/013627", "correlationVector":"51kbtnAkcDm6W8uiHq5SlK","action":"Commit Request", "result":"", "context":Item count: 1
Contributing types: Sessions}
{"logTime": "0417/013627", "correlationVector":"51kbtnAkcDm6W8uiHq5SlK.1","action":"SyncServerConnectionManagerRequest", "result":"SYNC_SERVER_OK", "context":{"environment":"Prod_northcentralus_prod-s01-050-nam-northcentralus", "migrationStage":"NotStarted", "server":"akswtt00700001i"}}
{"logTime": "0417/013627", "correlationVector":"51kbtnAkcDm6W8uiHq5SlK.2","action":"Commit Response", "result":"Success", "context":Result: Success. cV=51kbtnAkcDm6W8uiHq5SlK.0;server=akswtt00700001i;cloudType=Consumer;environment=Prod_northcentralus_prod-s01-050-nam-northcentralus;migrationStage=NotStarted}
{"logTime": "0417/013740", "correlationVector":"uExxRkHtUPM9wvd48EkrgO","action":"Commit Request", "result":"", "context":Item count: 1
Contributing types: Sessions}
{"logTime": "0417/013740", "correlationVector":"uExxRkHtUPM9wvd48EkrgO.1","action":"SyncServerConnectionManagerRequest", "result":"SYNC_SERVER_OK", "context":{"environment":"Prod_northcentralus_prod-s01-050-nam-northcentralus", "migrationStage":"NotStarted", "server":"akswtt007000007"}}
{"logTime": "0417/013740", "correlationVector":"uExxRkHtUPM9wvd48EkrgO.2","action":"Commit Response", "result":"Success", "context":Result: Success. cV=uExxRkHtUPM9wvd48EkrgO.0;server=akswtt007000007;cloudType=Consumer;environment=Prod_northcentralus_prod-s01-050-nam-northcentralus;migrationStage=NotStarted}
{"logTime": "0417/013843", "correlationVector":"n0mRVEiRytrYREbXzv1sT7","action":"Commit Request", "result":"", "context":Item count: 1
Contributing types: Sessions}
{"logTime": "0417/013843", "correlationVector":"n0mRVEiRytrYREbXzv1sT7.1","action":"SyncServerConnectionManagerRequest", "result":"SYNC_SERVER_OK", "context":{"environment":"Prod_northcentralus_prod-s01-050-nam-northcentralus", "migrationStage":"NotStarted", "server":"akswtt00700000l"}}
{"logTime": "0417/013843", "correlationVector":"n0mRVEiRytrYREbXzv1sT7.2","action":"Commit Response", "result":"Success", "context":Result: Success. cV=n0mRVEiRytrYREbXzv1sT7.0;server=akswtt00700000l;cloudType=Consumer;environment=Prod_northcentralus_prod-s01-050-nam-northcentralus;migrationStage=NotStarted}
{"logTime": "0417/013949", "correlationVector":"DluZBmUPKRajZXpkGGpd5d","action":"Commit Request", "result":"", "context":Item count: 1
Contributing types: Sessions}
{"logTime": "0417/013949", "correlationVector":"DluZBmUPKRajZXpkGGpd5d.1","action":"SyncServerConnectionManagerRequest", "result":"SYNC_SERVER_OK", "context":{"environment":"Prod_northcentralus_prod-s01-050-nam-northcentralus", "migrationStage":"NotStarted", "server":"akswtt00700000x"}}
{"logTime": "0417/013949", "correlationVector":"DluZBmUPKRajZXpkGGpd5d.2","action":"Commit Response", "result":"Success", "context":Result: Success. cV=DluZBmUPKRajZXpkGGpd5d.0;server=akswtt00700000x;cloudType=Consumer;environment=Prod_northcentralus_prod-s01-050-nam-northcentralus;migrationStage=NotStarted}
{"logTime": "0417/014132", "correlationVector":"v+0Wvrrv0PAcTg7SAymydm","action":"Commit Request", "result":"", "context":Item count: 1
Contributing types: Sessions}
{"logTime": "0417/014133", "correlationVector":"v+0Wvrrv0PAcTg7SAymydm.1","action":"SyncServerConnectionManagerRequest", "result":"SYNC_SERVER_OK", "context":{"environment":"Prod_northcentralus_prod-s01-050-nam-northcentralus", "migrationStage":"NotStarted", "server":"akswtt00700000x"}}
{"logTime": "0417/014133", "correlationVector":"v+0Wvrrv0PAcTg7SAymydm.2","action":"Commit Response", "result":"Success", "context":Result: Success. cV=v+0Wvrrv0PAcTg7SAymydm.0;server=akswtt00700000x;cloudType=Consumer;environment=Prod_northcentralus_prod-s01-050-nam-northcentralus;migrationStage=NotStarted}
{"logTime": "0417/014511", "correlationVector":"7OOLvzait793Sb69Wqso9+","action":"Commit Request", "result":"", "context":Item count: 1
Contributing types: Sessions}
{"logTime": "0417/014512", "correlationVector":"7OOLvzait793Sb69Wqso9+.1","action":"SyncServerConnectionManagerRequest", "result":"SYNC_SERVER_OK", "context":{"environment":"Prod_northcentralus_prod-s01-050-nam-northcentralus", "migrationStage":"NotStarted", "server":"akswtt007000022"}}
{"logTime": "0417/014512", "correlationVector":"7OOLvzait793Sb69Wqso9+.2","action":"Commit Response", "result":"Success", "context":Result: Success. cV=7OOLvzait793Sb69Wqso9+.0;server=akswtt007000022;cloudType=Consumer;environment=Prod_northcentralus_prod-s01-050-nam-northcentralus;migrationStage=NotStarted}
{"logTime": "0417/014734", "correlationVector":"3cvAC9ruQyLO0T6pYuSTk7","action":"Commit Request", "result":"", "context":Item count: 3
Contributing types: Sessions, History}
{"logTime": "0417/014734", "correlationVector":"3cvAC9ruQyLO0T6pYuSTk7.1","action":"SyncServerConnectionManagerRequest", "result":"SYNC_SERVER_OK", "context":{"environment":"Prod_northcentralus_prod-s01-050-nam-northcentralus", "migrationStage":"NotStarted", "server":"akswtt00700001j"}}
{"logTime": "0417/014734", "correlationVector":"3cvAC9ruQyLO0T6pYuSTk7.2","action":"Commit Response", "result":"Success", "context":Result: Success. cV=3cvAC9ruQyLO0T6pYuSTk7.0;server=akswtt00700001j;cloudType=Consumer;environment=Prod_northcentralus_prod-s01-050-nam-northcentralus;migrationStage=NotStarted}
{"logTime": "0417/014851", "correlationVector":"Qx/ZUxAfN9/Rfh0cER0wOl","action":"Commit Request", "result":"", "context":Item count: 1
Contributing types: Sessions}
{"logTime": "0417/014851", "correlationVector":"Qx/ZUxAfN9/Rfh0cER0wOl.1","action":"SyncServerConnectionManagerRequest", "result":"SYNC_SERVER_OK", "context":{"environment":"Prod_northcentralus_prod-s01-050-nam-northcentralus", "migrationStage":"NotStarted", "server":"akswtt00700000i"}}
{"logTime": "0417/014851", "correlationVector":"Qx/ZUxAfN9/Rfh0cER0wOl.2","action":"Commit Response", "result":"Success", "context":Result: Success. cV=Qx/ZUxAfN9/Rfh0cER0wOl.0;server=akswtt00700000i;cloudType=Consumer;environment=Prod_northcentralus_prod-s01-050-nam-northcentralus;migrationStage=NotStarted}
{"logTime": "0417/015346", "correlationVector":"Hu3zOBR8PKFjM/qMLyMo/c","action":"Commit Request", "result":"", "context":Item count: 1
Contributing types: Sessions}
{"logTime": "0417/015347", "correlationVector":"Hu3zOBR8PKFjM/qMLyMo/c.1","action":"SyncServerConnectionManagerRequest", "result":"SYNC_SERVER_OK", "context":{"environment":"Prod_northcentralus_prod-s01-050-nam-northcentralus", "migrationStage":"NotStarted", "server":"akswtt00700003j"}}
{"logTime": "0417/015347", "correlationVector":"Hu3zOBR8PKFjM/qMLyMo/c.2","action":"Commit Response", "result":"Success", "context":Result: Success. cV=Hu3zOBR8PKFjM/qMLyMo/c.0;server=akswtt00700003j;cloudType=Consumer;environment=Prod_northcentralus_prod-s01-050-nam-northcentralus;migrationStage=NotStarted}
{"logTime": "0417/015452", "correlationVector":"Yj0MgrzqXVLBkb4Wb7stD/","action":"Commit Request", "result":"", "context":Item count: 1
Contributing types: Sessions}
{"logTime": "0417/015452", "correlationVector":"Yj0MgrzqXVLBkb4Wb7stD/.1","action":"SyncServerConnectionManagerRequest", "result":"SYNC_SERVER_OK", "context":{"environment":"Prod_northcentralus_prod-s01-050-nam-northcentralus", "migrationStage":"NotStarted", "server":"akswtt00700000t"}}
{"logTime": "0417/015452", "correlationVector":"Yj0MgrzqXVLBkb4Wb7stD/.2","action":"Commit Response", "result":"Success", "context":Result: Success. cV=Yj0MgrzqXVLBkb4Wb7stD/.0;server=akswtt00700000t;cloudType=Consumer;environment=Prod_northcentralus_prod-s01-050-nam-northcentralus;migrationStage=NotStarted}
{"logTime": "0417/023305", "correlationVector":"HcQArp9CUSdzg+GqS686ai.1","action":"SyncServerConnectionManagerRequest", "result":"SYNC_SERVER_OK", "context":{"environment":"Prod_northcentralus_prod-s01-050-nam-northcentralus", "migrationStage":"NotStarted", "server":"akswtt007000011"}}
{"logTime": "0417/023305", "correlationVector":"HcQArp9CUSdzg+GqS686ai.2","action":"ProcessGetUpdates", "result":"Done", "context":{"dataType":"Encryption Keys", "deleted":"0", "process_failed_to_decrypt":"0", "process_pending_decryption":"0", "process_success":"1", "total":"1"}}
{"logTime": "0417/023306", "correlationVector":"yougugpezKwp4DljAthq9s","action":"SyncServerConnectionManagerRequest", "result":"SYNC_SERVER_OK", "context":{"environment":"", "migrationStage":"", "server":""}}
{"logTime": "0417/023306", "correlationVector":"yougugpezKwp4DljAthq9s.0","action":"EncryptionKeysFetcher.DownloadKeys:", "result":"Success", "context":Key count: 10, Last key timestamp: 2025-04-15T22:33:02Z}
{"logTime": "0417/023306", "correlationVector":"yougugpezKwp4DljAthq9s.1","action":"EncryptionKeysManager::SetEncryptionKeys:", "result":"Success", "context":Key names[10]:[9cEyzviQTvPM62nqFb8kOT+eCSZauDlQpxZ2sgFw0YWTCOvUNi5J+ml5TCmWNC6WVDhfl++kBwiGj5p4Mamh4Q==][58tjJINPJXOja9BZTBPhn6XRFZhVt6L6M9OMyBdfyCkshZKgDuHFVO2WCNj/4vly3657bj5m61RXIaO0KrTqIQ==][AoCQfswqKrrjywEYSYHUfo8FP0UW3JInanWk6ujcEF+xA4H20FAhqHHeH2V6NKv9p7cV6xpO3BK/PiWW8bNuGA==][uyCo9E7kANZsbVmf2hdO7IEjH09SrqikglKtsW5RS/uyR5tfuQfvQBj6JdybsaHSX5TMRKsInH8DQwoeXoNREQ==][3w39clg8Dm/E4anSTvS2QnVWu8VHwKQVAl4WcIIExFKbhwdflHVM7yzfFlUxyEvOyUQkhDP+n7y26fnVoVxRyA==][ZiPh1PVV+0ejbGcitE+1FuomJOzv6RN3XQ+uTQSZKQWV7ZRJNhhWJYQuzRM96bYkAkZPh2A5FVYXCdLrr++ZHA==][131yHkr27qUwc3j2xGfRY25nMdNie3Iyvr2CELW+Uz4KlGU4StM9E1SXfA80+kUnGW5IqAQoBgk7J3e+t4oPYA==][n9b1T9fQJrWacr4cvDoErohAlAQnoq9F7+cai0ZZihV+7gM1xcoCuVU7vlo61xtG/gh5Y7eqDurGIP7N0wN5jA==][gEJ3yWdNa3KJ7Z1e5xAYRlnIurZAi5Gl9Jo5qBwjsGe4t5i0dit00YZOnMnA0Mhx0fN+AJxJyv/U3RuC079xTA==][gVqyakXCduiLvkfi6G8n1zobsUAjjOXM0GIV/tNiR4THGAHM6V9xEFhMMyFROUM8k2TGGFrLRWfYclqPxhuhEw==]}
{"logTime": "0417/023306", "correlationVector":"yougugpezKwp4DljAthq9s.2","action":"EncryptionKeysManager::SetEncryptionKeysWithTimestamps:", "result":"Success", "context":Key timestamps[10]:[2020-07-16T17:16:27Z][2020-12-08T08:35:29Z][2021-09-21T11:30:01Z][2022-04-10T17:29:04Z][2022-10-10T18:35:37Z][2023-04-11T06:17:12Z][2023-10-09T02:40:18Z][2024-04-10T00:19:34Z][2024-10-08T17:42:11Z][2025-04-15T22:33:02Z]}
{"logTime": "0417/023306", "correlationVector":"HcQArp9CUSdzg+GqS686ai","action":"Initial GetUpdates", "result":"", "context":Reason: NEW_CLIENT. cV=HcQArp9CUSdzg+GqS686ai}
{"logTime": "0417/023306", "correlationVector":"HcQArp9CUSdzg+GqS686ai.3","action":"GetUpdates Response", "result":"Success", "context":Received 1 update(s). cV=HcQArp9CUSdzg+GqS686ai.0;server=akswtt007000011;cloudType=Consumer;environment=Prod_northcentralus_prod-s01-050-nam-northcentralus;migrationStage=NotStarted}
{"logTime": "0417/023306", "correlationVector":"vNOykuvIcq/CK0wuaVAOpA","action":"Initial GetUpdates", "result":"", "context":Reason: NEWLY_SUPPORTED_DATATYPE. cV=vNOykuvIcq/CK0wuaVAOpA}
{"logTime": "0417/023306", "correlationVector":"vNOykuvIcq/CK0wuaVAOpA.1","action":"SyncServerConnectionManagerRequest", "result":"SYNC_SERVER_OK", "context":{"environment":"Prod_northcentralus_prod-s01-050-nam-northcentralus", "migrationStage":"NotStarted", "server":"akswtt00700000a"}}
{"logTime": "0417/023306", "correlationVector":"vNOykuvIcq/CK0wuaVAOpA.2","action":"ProcessGetUpdates", "result":"Done", "context":{"dataType":"Passwords", "deleted":"1", "process_failed_to_decrypt":"0", "process_pending_decryption":"0", "process_success":"191", "total":"191"}}
{"logTime": "0417/023306", "correlationVector":"vNOykuvIcq/CK0wuaVAOpA.3","action":"GetUpdates Response", "result":"Success", "context":Received 191 update(s). cV=vNOykuvIcq/CK0wuaVAOpA.0;server=akswtt00700000a;cloudType=Consumer;environment=Prod_northcentralus_prod-s01-050-nam-northcentralus;migrationStage=NotStarted}
{"logTime": "0417/023306", "correlationVector":"hrUhyfID3e7LUzNxYU9hnn","action":"Normal GetUpdate request", "result":"", "context":cV=hrUhyfID3e7LUzNxYU9hnn
Nudged types: Sessions, Device Info, History
Refresh requested types: Bookmarks, Preferences, Passwords, Autofill Profiles, Autofill, Extensions, Sessions, Extension settings, History Delete Directives, Device Info, User Consents, Send Tab To Self, Web Apps, History, Saved Tab Group, Collection, Edge E Drop, Edge Hub App Usage, Edge Tab Group, Edge Wallet, Encryption Keys}
{"logTime": "0417/023306", "correlationVector":"hrUhyfID3e7LUzNxYU9hnn.1","action":"SyncServerConnectionManagerRequest", "result":"SYNC_SERVER_OK", "context":{"environment":"Prod_northcentralus_prod-s01-050-nam-northcentralus", "migrationStage":"NotStarted", "server":"akswtt00700001l"}}
{"logTime": "0417/023306", "correlationVector":"hrUhyfID3e7LUzNxYU9hnn.2","action":"ProcessGetUpdates", "result":"Done", "context":{"dataType":"Sessions", "deleted":"0", "process_failed_to_decrypt":"0", "process_pending_decryption":"0", "process_success":"1", "total":"1"}}
{"logTime": "0417/023306", "correlationVector":"hrUhyfID3e7LUzNxYU9hnn.3","action":"ProcessGetUpdates", "result":"Done", "context":{"dataType":"History", "deleted":"0", "process_failed_to_decrypt":"0", "process_pending_decryption":"0", "process_success":"3", "total":"3"}}
{"logTime": "0417/023306", "correlationVector":"hrUhyfID3e7LUzNxYU9hnn.4","action":"GetUpdates Response", "result":"Success", "context":Received 4 update(s). cV=hrUhyfID3e7LUzNxYU9hnn.0;server=akswtt00700001l;cloudType=Consumer;environment=Prod_northcentralus_prod-s01-050-nam-northcentralus;migrationStage=NotStarted}
{"logTime": "0417/023307", "correlationVector":"MgRf9imm/ZQKsAIWts52Dq","action":"Commit Request", "result":"", "context":Item count: 5
Contributing types: Sessions, Device Info, History}
{"logTime": "0417/023308", "correlationVector":"MgRf9imm/ZQKsAIWts52Dq.1","action":"SyncServerConnectionManagerRequest", "result":"SYNC_SERVER_OK", "context":{"environment":"Prod_northcentralus_prod-s01-050-nam-northcentralus", "migrationStage":"NotStarted", "server":"akswtt00700002f"}}
{"logTime": "0417/023308", "correlationVector":"MgRf9imm/ZQKsAIWts52Dq.2","action":"Commit Response", "result":"Success", "context":Result: Success. cV=MgRf9imm/ZQKsAIWts52Dq.0;server=akswtt00700002f;cloudType=Consumer;environment=Prod_northcentralus_prod-s01-050-nam-northcentralus;migrationStage=NotStarted}
{"logTime": "0417/023322", "correlationVector":"L6LT5wQ9WeX5nMsDhZ/0b6","action":"Commit Request", "result":"", "context":Item count: 3
Contributing types: Preferences, Sessions, History}
{"logTime": "0417/023322", "correlationVector":"L6LT5wQ9WeX5nMsDhZ/0b6.1","action":"SyncServerConnectionManagerRequest", "result":"SYNC_SERVER_OK", "context":{"environment":"Prod_northcentralus_prod-s01-050-nam-northcentralus", "migrationStage":"NotStarted", "server":"akswtt00700000d"}}
{"logTime": "0417/023322", "correlationVector":"L6LT5wQ9WeX5nMsDhZ/0b6.2","action":"Commit Response", "result":"Success", "context":Result: Success. cV=L6LT5wQ9WeX5nMsDhZ/0b6.0;server=akswtt00700000d;cloudType=Consumer;environment=Prod_northcentralus_prod-s01-050-nam-northcentralus;migrationStage=NotStarted}
{"logTime": "0417/023526", "correlationVector":"hkAyoJr/ckb/pwwENTz8Jm","action":"Commit Request", "result":"", "context":Item count: 1
Contributing types: Sessions}
{"logTime": "0417/023526", "correlationVector":"hkAyoJr/ckb/pwwENTz8Jm.1","action":"SyncServerConnectionManagerRequest", "result":"SYNC_SERVER_OK", "context":{"environment":"Prod_northcentralus_prod-s01-050-nam-northcentralus", "migrationStage":"NotStarted", "server":"akswtt00700000j"}}
{"logTime": "0417/023526", "correlationVector":"hkAyoJr/ckb/pwwENTz8Jm.2","action":"Commit Response", "result":"Success", "context":Result: Success. cV=hkAyoJr/ckb/pwwENTz8Jm.0;server=akswtt00700000j;cloudType=Consumer;environment=Prod_northcentralus_prod-s01-050-nam-northcentralus;migrationStage=NotStarted}
