2025-04-15 22:32:54.704: [INFO][Sync] Reset engine, reason: 8
2025-04-15 22:32:54.704: [INFO][Sync] Stopped: Bookmarks
2025-04-15 22:32:54.704: [INFO][Sync] Stopped: Preferences
2025-04-15 22:32:54.705: [INFO][Sync] Stopped: Passwords
2025-04-15 22:32:54.705: [INFO][Sync] Stopped: Autofill Profiles
2025-04-15 22:32:54.705: [INFO][Sync] Stopped: Autofill
2025-04-15 22:32:54.705: [INFO][Sync] Stopped: Extensions
2025-04-15 22:32:54.705: [INFO][Sync] Stopped: Sessions
2025-04-15 22:32:54.705: [INFO][Sync] Stopped: Extension settings
2025-04-15 22:32:54.705: [INFO][Sync] Stopped: History Delete Directives
2025-04-15 22:32:54.705: [INFO][Sync] Stopped: Device Info
2025-04-15 22:32:54.705: [INFO][Sync] Stopped: User Consents
2025-04-15 22:32:54.705: [INFO][Sync] Stopped: Send Tab To Self
2025-04-15 22:32:54.705: [INFO][Sync] Stopped: Web Apps
2025-04-15 22:32:54.705: [INFO][Sync] Stopped: History
2025-04-15 22:32:54.705: [INFO][Sync] Stopped: Saved Tab Group
2025-04-15 22:32:54.705: [INFO][Sync] Stopped: Collection
2025-04-15 22:32:54.705: [INFO][Sync] Stopped: Edge E Drop
2025-04-15 22:32:54.705: [INFO][Sync] Stopped: Edge Hub App Usage
2025-04-15 22:32:54.705: [INFO][Sync] Stopped: Edge Tab Group
2025-04-15 22:32:54.705: [INFO][Sync] Stopped: Edge Wallet
2025-04-15 22:32:54.705: [INFO][Sync] SyncState after authenticated was: NotSignedIn
2025-04-15 22:32:55.199: [INFO][Sync] Reset engine, reason: 8
2025-04-15 22:32:55.199: [INFO][Sync] Stopped: Bookmarks
2025-04-15 22:32:55.199: [INFO][Sync] Stopped: Preferences
2025-04-15 22:32:55.199: [INFO][Sync] Stopped: Passwords
2025-04-15 22:32:55.199: [INFO][Sync] Stopped: Autofill Profiles
2025-04-15 22:32:55.199: [INFO][Sync] Stopped: Autofill
2025-04-15 22:32:55.199: [INFO][Sync] Stopped: Extensions
2025-04-15 22:32:55.199: [INFO][Sync] Stopped: Sessions
2025-04-15 22:32:55.199: [INFO][Sync] Stopped: Extension settings
2025-04-15 22:32:55.199: [INFO][Sync] Stopped: History Delete Directives
2025-04-15 22:32:55.199: [INFO][Sync] Stopped: Device Info
2025-04-15 22:32:55.199: [INFO][Sync] Stopped: User Consents
2025-04-15 22:32:55.199: [INFO][Sync] Stopped: Send Tab To Self
2025-04-15 22:32:55.199: [INFO][Sync] Stopped: Web Apps
2025-04-15 22:32:55.199: [INFO][Sync] Stopped: History
2025-04-15 22:32:55.199: [INFO][Sync] Stopped: Saved Tab Group
2025-04-15 22:32:55.199: [INFO][Sync] Stopped: Collection
2025-04-15 22:32:55.199: [INFO][Sync] Stopped: Edge E Drop
2025-04-15 22:32:55.199: [INFO][Sync] Stopped: Edge Hub App Usage
2025-04-15 22:32:55.200: [INFO][Sync] Stopped: Edge Tab Group
2025-04-15 22:32:55.200: [INFO][Sync] Stopped: Edge Wallet
2025-04-15 22:32:59.430: [INFO][Sync] Try to start sync engine
2025-04-15 22:32:59.436: [INFO][SyncManagerImpl::NudgeForInitialDownload] Initial download nudge for Encryption Keys
2025-04-15 22:32:59.436: [INFO][SyncEngineBackend::LoadAndConnectNigoriController] Load and connect Nigori controller
2025-04-15 22:32:59.436: [INFO][SyncEngineBackend::DoInitialize] Control Types added: Encryption Keys
2025-04-15 22:32:59.436: [INFO][SyncManagerImpl::ConfigureSyncer] Types to download: Encryption Keys with reason: 3
2025-04-15 22:32:59.436: [INFO][SyncSchedulerImpl::DoConfigurationSyncCycleJob] Configure job was blocked
2025-04-15 22:32:59.790: [INFO][SyncAuthManager::SetLastAuthError] Current auth error: None
2025-04-15 22:32:59.790: [INFO][SyncAuthManager::EdgeLogTokenErrorState] Token error with: None for account type: MSA
2025-04-15 22:32:59.791: [INFO][Sync] Credentials changed for: EdgeSyncScopeNew
2025-04-15 22:33:03.229: [INFO][SyncAuthManager::SetLastAuthError] Current auth error: None
2025-04-15 22:33:03.229: [INFO][SyncAuthManager::EdgeLogTokenErrorState] Token error with: None for account type: MSA
2025-04-15 22:33:03.229: [INFO][Sync] Credentials changed for: EdgeSyncKeyDataScope
2025-04-15 22:33:03.229: [INFO][SyncEngineBackend::DoUpdateKeyDataCredentials] Update key data credentials
2025-04-15 22:33:03.229: [INFO][SyncEngineBackend::DoUpdateCredentials] Update credentials
2025-04-15 22:33:03.229: [INFO][SyncSchedulerImpl::DoConfigurationSyncCycleJob] Blocked types:  and types to download: Encryption Keys
2025-04-15 22:33:03.719: [INFO][Sync] Started DataTypeManager configuration, reason: 4
2025-04-15 22:33:03.719: [INFO][Sync] Configuring for: Bookmarks, Preferences, Passwords, Autofill Profiles, Autofill, Extensions, Sessions, Extension settings, History Delete Directives, Device Info, User Consents, Send Tab To Self, Web Apps, History, Saved Tab Group, Collection, Edge E Drop, Edge Hub App Usage, Edge Tab Group, Edge Wallet, Encryption Keys, reason: 3, current state: 0
2025-04-15 22:33:03.719: [WARN][Sync] Crypto error data types: Passwords, Autofill Profiles, Autofill
2025-04-15 22:33:03.724: [INFO][Sync] Configure, desired: Bookmarks, Preferences, Extensions, Sessions, Extension settings, History Delete Directives, Device Info, User Consents, Send Tab To Self, Web Apps, History, Saved Tab Group, Collection, Edge E Drop, Edge Hub App Usage, Edge Tab Group, Edge Wallet, Encryption Keys; Allow fail: Passwords, Autofill Profiles, Autofill
2025-04-15 22:33:03.725: [INFO][Sync] Loading: Bookmarks
2025-04-15 22:33:03.725: [INFO][Sync] Loading: Preferences
2025-04-15 22:33:03.725: [INFO][Sync] Loading: Extensions
2025-04-15 22:33:03.725: [INFO][Sync] Loading: Sessions
2025-04-15 22:33:03.725: [INFO][Sync] Loading: Extension settings
2025-04-15 22:33:03.725: [INFO][Sync] Loading: History Delete Directives
2025-04-15 22:33:03.725: [INFO][Sync] Loading: Device Info
2025-04-15 22:33:03.726: [INFO][Sync] Loading: User Consents
2025-04-15 22:33:03.726: [INFO][Sync] Loading: Send Tab To Self
2025-04-15 22:33:03.726: [INFO][Sync] Loading: Web Apps
2025-04-15 22:33:03.726: [INFO][Sync] Loading: History
2025-04-15 22:33:03.727: [INFO][Sync] Loading: Saved Tab Group
2025-04-15 22:33:03.727: [INFO][Sync] Loading: Collection
2025-04-15 22:33:03.727: [INFO][Sync] Loading: Edge E Drop
2025-04-15 22:33:03.727: [INFO][Sync] Loading: Edge Hub App Usage
2025-04-15 22:33:03.727: [INFO][Sync] Loading: Edge Tab Group
2025-04-15 22:33:03.727: [INFO][Sync] Loading: Edge Wallet
2025-04-15 22:33:03.731: [INFO][Sync] All data types are ready for configure.
2025-04-15 22:33:04.107: [INFO][Sync] Started DataTypeManager configuration, reason: 5
2025-04-15 22:33:04.107: [INFO][Sync] Configuring for: Bookmarks, Preferences, Passwords, Autofill Profiles, Autofill, Extensions, Sessions, Extension settings, History Delete Directives, Device Info, User Consents, Send Tab To Self, Web Apps, History, Saved Tab Group, Collection, Edge E Drop, Edge Hub App Usage, Edge Tab Group, Edge Wallet, Encryption Keys, reason: 5, current state: 1
2025-04-15 22:33:04.134: [INFO][SyncEngineBackend::DoStartConfiguration] Start configuration
2025-04-15 22:33:04.135: [INFO][SyncManagerImpl::NudgeForInitialDownload] Initial download nudge for Bookmarks
2025-04-15 22:33:04.135: [INFO][SyncManagerImpl::NudgeForInitialDownload] Initial download nudge for Preferences
2025-04-15 22:33:04.135: [INFO][SyncManagerImpl::NudgeForInitialDownload] Initial download nudge for Extensions
2025-04-15 22:33:04.135: [INFO][SyncManagerImpl::NudgeForInitialDownload] Initial download nudge for Sessions
2025-04-15 22:33:04.135: [INFO][SyncManagerImpl::NudgeForInitialDownload] Initial download nudge for Extension settings
2025-04-15 22:33:04.135: [INFO][SyncManagerImpl::NudgeForInitialDownload] Initial download nudge for History Delete Directives
2025-04-15 22:33:04.135: [INFO][SyncManagerImpl::NudgeForInitialDownload] Initial download nudge for Device Info
2025-04-15 22:33:04.135: [INFO][SyncManagerImpl::NudgeForInitialDownload] Initial download nudge for Send Tab To Self
2025-04-15 22:33:04.135: [INFO][SyncManagerImpl::NudgeForInitialDownload] Initial download nudge for Web Apps
2025-04-15 22:33:04.135: [INFO][SyncManagerImpl::NudgeForInitialDownload] Initial download nudge for History
2025-04-15 22:33:04.135: [INFO][SyncManagerImpl::NudgeForInitialDownload] Initial download nudge for Saved Tab Group
2025-04-15 22:33:04.135: [INFO][SyncManagerImpl::NudgeForInitialDownload] Initial download nudge for Collection
2025-04-15 22:33:04.135: [INFO][SyncManagerImpl::NudgeForInitialDownload] Initial download nudge for Edge E Drop
2025-04-15 22:33:04.135: [INFO][SyncManagerImpl::NudgeForInitialDownload] Initial download nudge for Edge Hub App Usage
2025-04-15 22:33:04.135: [INFO][SyncManagerImpl::NudgeForInitialDownload] Initial download nudge for Edge Tab Group
2025-04-15 22:33:04.135: [INFO][SyncManagerImpl::NudgeForInitialDownload] Initial download nudge for Edge Wallet
2025-04-15 22:33:04.135: [INFO][SyncManagerImpl::ConfigureSyncer] Types to download:  with reason: 3
2025-04-15 22:33:04.135: [INFO][SyncEngineBackend::DoFinishConfigureDataTypes] Failed to download types:  and succeeded types: 
2025-04-15 22:33:04.135: [INFO][Sync] ConfigurationDone, failed: , succeeded: , remaining count: 4
2025-04-15 22:33:04.135: [WARN][Sync]     Reconfigure requested while configuration ongoing.
2025-04-15 22:33:04.135: [INFO][Sync] Configuring for: Bookmarks, Preferences, Passwords, Autofill Profiles, Autofill, Extensions, Sessions, Extension settings, History Delete Directives, Device Info, User Consents, Send Tab To Self, Web Apps, History, Saved Tab Group, Collection, Edge E Drop, Edge Hub App Usage, Edge Tab Group, Edge Wallet, Encryption Keys, reason: 5, current state: 2
2025-04-15 22:33:04.135: [INFO][Sync] Configure, desired: Bookmarks, Preferences, Passwords, Autofill Profiles, Autofill, Extensions, Sessions, Extension settings, History Delete Directives, Device Info, User Consents, Send Tab To Self, Web Apps, History, Saved Tab Group, Collection, Edge E Drop, Edge Hub App Usage, Edge Tab Group, Edge Wallet, Encryption Keys; Allow fail: 
2025-04-15 22:33:04.135: [INFO][Sync] Loading: Passwords
2025-04-15 22:33:04.135: [INFO][Sync] Loading: Autofill Profiles
2025-04-15 22:33:04.135: [INFO][Sync] Loading: Autofill
2025-04-15 22:33:04.135: [INFO][Sync] All data types are ready for configure.
2025-04-15 22:33:04.136: [INFO][SyncManagerImpl::NudgeForInitialDownload] Initial download nudge for Passwords
2025-04-15 22:33:04.136: [INFO][SyncManagerImpl::NudgeForInitialDownload] Initial download nudge for Autofill Profiles
2025-04-15 22:33:04.136: [INFO][SyncManagerImpl::NudgeForInitialDownload] Initial download nudge for Autofill
2025-04-15 22:33:04.136: [INFO][SyncManagerImpl::ConfigureSyncer] Types to download:  with reason: 5
2025-04-15 22:33:04.136: [INFO][SyncEngineBackend::DoFinishConfigureDataTypes] Failed to download types:  and succeeded types: 
2025-04-15 22:33:04.136: [INFO][Sync] ConfigurationDone, failed: , succeeded: , remaining count: 4
2025-04-15 22:33:04.136: [INFO][Sync] Prepare to configure types: Preferences, Passwords, Device Info, Send Tab To Self, Edge E Drop, Encryption Keys
2025-04-15 22:33:04.136: [INFO][SyncManagerImpl::ConfigureSyncer] Types to download: Preferences, Passwords, Device Info, Send Tab To Self, Edge E Drop, Encryption Keys with reason: 5
2025-04-15 22:33:04.136: [INFO][SyncSchedulerImpl::DoConfigurationSyncCycleJob] Blocked types:  and types to download: Preferences, Passwords, Device Info, Send Tab To Self, Edge E Drop, Encryption Keys
2025-04-15 22:33:04.912: [INFO][SyncEngineBackend::DoFinishConfigureDataTypes] Failed to download types:  and succeeded types: Preferences, Passwords, Device Info, Send Tab To Self, Edge E Drop, Encryption Keys
2025-04-15 22:33:04.921: [INFO][Sync] ConfigurationDone, failed: , succeeded: Preferences, Passwords, Device Info, Send Tab To Self, Edge E Drop, Encryption Keys, remaining count: 3
2025-04-15 22:33:04.921: [INFO][Sync] Prepare to configure types: Bookmarks, Encryption Keys
2025-04-15 22:33:04.921: [INFO][SyncManagerImpl::ConfigureSyncer] Types to download: Bookmarks, Encryption Keys with reason: 5
2025-04-15 22:33:04.921: [INFO][SyncSchedulerImpl::DoConfigurationSyncCycleJob] Blocked types:  and types to download: Bookmarks, Encryption Keys
2025-04-15 22:33:05.030: [INFO][SyncEngineBackend::DoFinishConfigureDataTypes] Failed to download types:  and succeeded types: Bookmarks, Encryption Keys
2025-04-15 22:33:05.148: [INFO][Sync] ConfigurationDone, failed: , succeeded: Bookmarks, Encryption Keys, remaining count: 2
2025-04-15 22:33:05.148: [INFO][Sync] Prepare to configure types: Autofill Profiles, Autofill, Extensions, Sessions, Extension settings, History Delete Directives, Web Apps, Saved Tab Group, Collection, Edge Hub App Usage, Edge Tab Group, Edge Wallet, Encryption Keys
2025-04-15 22:33:05.148: [INFO][SyncManagerImpl::ConfigureSyncer] Types to download: Autofill Profiles, Autofill, Extensions, Sessions, Extension settings, History Delete Directives, Web Apps, Saved Tab Group, Collection, Edge Hub App Usage, Edge Tab Group, Edge Wallet, Encryption Keys with reason: 5
2025-04-15 22:33:05.148: [INFO][SyncSchedulerImpl::DoConfigurationSyncCycleJob] Blocked types:  and types to download: Autofill Profiles, Autofill, Extensions, Sessions, Extension settings, History Delete Directives, Web Apps, Saved Tab Group, Collection, Edge Hub App Usage, Edge Tab Group, Edge Wallet, Encryption Keys
2025-04-15 22:33:06.388: [INFO][SyncEngineBackend::DoFinishConfigureDataTypes] Failed to download types:  and succeeded types: Autofill Profiles, Autofill, Extensions, Sessions, Extension settings, History Delete Directives, Web Apps, Saved Tab Group, Collection, Edge Hub App Usage, Edge Tab Group, Edge Wallet, Encryption Keys
2025-04-15 22:33:06.390: [INFO][Sync] ConfigurationDone, failed: , succeeded: Autofill Profiles, Autofill, Extensions, Sessions, Extension settings, History Delete Directives, Web Apps, Saved Tab Group, Collection, Edge Hub App Usage, Edge Tab Group, Edge Wallet, Encryption Keys, remaining count: 1
2025-04-15 22:33:06.391: [INFO][Sync] Prepare to configure types: History, Encryption Keys
2025-04-15 22:33:06.392: [INFO][SyncManagerImpl::ConfigureSyncer] Types to download: History, Encryption Keys with reason: 5
2025-04-15 22:33:06.392: [INFO][SyncSchedulerImpl::DoConfigurationSyncCycleJob] Blocked types:  and types to download: History, Encryption Keys
2025-04-15 22:33:06.509: [INFO][SyncEngineBackend::DoFinishConfigureDataTypes] Failed to download types:  and succeeded types: History, Encryption Keys
2025-04-15 22:33:06.514: [INFO][Sync] ConfigurationDone, failed: , succeeded: History, Encryption Keys, remaining count: 0
2025-04-15 22:33:06.519: [INFO][Sync]     Configuration completed, state: 7
2025-04-15 22:33:06.519: [INFO][Sync] Configured DataTypeManager: Ok
2025-04-15 22:33:06.526: [INFO][SyncEngineBackend::DoStartSyncing] Start syncing
2025-04-16 01:06:48.080: [INFO][SyncSchedulerImpl::OnSyncNetworkError] Syncer error: HTTP error (401)
2025-04-16 01:06:48.080: [INFO][Sync] Connection status changed to: 2
2025-04-16 01:06:48.082: [INFO][Commit::ReportFullCommitFailure] Commit Sessions failed with error: AuthError
2025-04-16 01:06:48.082: [INFO][SyncSchedulerImpl::DoNudgeSyncCycleJob] Syncer error: HTTP error (401)
2025-04-16 01:06:48.113: [WARN][Sync] NetworkError: HTTP error (401)
2025-04-16 01:06:48.246: [INFO][SyncAuthManager::SetLastAuthError] Current auth error: None
2025-04-16 01:06:48.247: [INFO][SyncAuthManager::EdgeLogTokenErrorState] Token error with: None for account type: MSA
2025-04-16 01:06:48.247: [INFO][Sync] Credentials changed for: EdgeSyncScopeNew
2025-04-16 01:06:49.158: [INFO][SyncAuthManager::SetLastAuthError] Current auth error: None
2025-04-16 01:06:49.158: [INFO][SyncAuthManager::EdgeLogTokenErrorState] Token error with: None for account type: MSA
2025-04-16 01:06:49.158: [INFO][Sync] Credentials changed for: EdgeSyncKeyDataScope
2025-04-16 01:06:49.158: [INFO][SyncEngineBackend::DoUpdateKeyDataCredentials] Update key data credentials
2025-04-16 01:06:49.159: [INFO][SyncEngineBackend::DoUpdateCredentials] Update credentials
2025-04-16 02:59:47.073: [INFO][Sync] Reset engine, reason: 0
2025-04-16 02:59:47.073: [INFO][Sync] Reset engine with reason: 0
2025-04-16 17:00:29.134: [INFO][Sync] SyncState after authenticated was: FeatureCanStart
2025-04-16 17:00:31.154: [INFO][Sync] Try to start sync engine
2025-04-16 17:00:31.259: [INFO][SyncManagerImpl::NudgeForInitialDownload] Initial download nudge for Encryption Keys
2025-04-16 17:00:31.259: [INFO][SyncEngineBackend::LoadAndConnectNigoriController] Load and connect Nigori controller
2025-04-16 17:00:31.259: [INFO][SyncEngineBackend::DoInitialize] Control Types added: Encryption Keys
2025-04-16 17:00:31.259: [INFO][SyncManagerImpl::ConfigureSyncer] Types to download: Encryption Keys with reason: 3
2025-04-16 17:00:31.260: [INFO][SyncSchedulerImpl::DoConfigurationSyncCycleJob] Configure job was blocked
2025-04-16 17:00:31.267: [INFO][SyncAuthManager::SetLastAuthError] Current auth error: None
2025-04-16 17:00:31.267: [INFO][SyncAuthManager::EdgeLogTokenErrorState] Token error with: None for account type: MSA
2025-04-16 17:00:31.267: [INFO][Sync] Credentials changed for: EdgeSyncScopeNew
2025-04-16 17:00:32.971: [INFO][SyncAuthManager::SetLastAuthError] Current auth error: None
2025-04-16 17:00:32.971: [INFO][SyncAuthManager::EdgeLogTokenErrorState] Token error with: None for account type: MSA
2025-04-16 17:00:32.971: [INFO][Sync] Credentials changed for: EdgeSyncKeyDataScope
2025-04-16 17:00:32.972: [INFO][SyncEngineBackend::DoUpdateKeyDataCredentials] Update key data credentials
2025-04-16 17:00:32.972: [INFO][SyncEngineBackend::DoUpdateCredentials] Update credentials
2025-04-16 17:00:32.973: [INFO][SyncSchedulerImpl::DoConfigurationSyncCycleJob] Blocked types:  and types to download: Encryption Keys
2025-04-16 17:00:33.414: [INFO][Sync] Started DataTypeManager configuration, reason: 4
2025-04-16 17:00:33.414: [INFO][Sync] Configuring for: Bookmarks, Preferences, Passwords, Autofill Profiles, Autofill, Extensions, Sessions, Extension settings, History Delete Directives, Device Info, User Consents, Send Tab To Self, Web Apps, History, Saved Tab Group, Collection, Edge E Drop, Edge Hub App Usage, Edge Tab Group, Edge Wallet, Encryption Keys, reason: 4, current state: 0
2025-04-16 17:00:33.414: [WARN][Sync] Crypto error data types: Passwords, Autofill Profiles, Autofill
2025-04-16 17:00:33.422: [INFO][Sync] Configure, desired: Bookmarks, Preferences, Extensions, Sessions, Extension settings, History Delete Directives, Device Info, User Consents, Send Tab To Self, Web Apps, History, Saved Tab Group, Collection, Edge E Drop, Edge Hub App Usage, Edge Tab Group, Edge Wallet, Encryption Keys; Allow fail: Passwords, Autofill Profiles, Autofill
2025-04-16 17:00:33.424: [INFO][Sync] Loading: Bookmarks
2025-04-16 17:00:33.424: [INFO][Sync] Loading: Preferences
2025-04-16 17:00:33.424: [INFO][Sync] Loading: Extensions
2025-04-16 17:00:33.424: [INFO][Sync] Loading: Sessions
2025-04-16 17:00:33.424: [INFO][Sync] Loading: Extension settings
2025-04-16 17:00:33.424: [INFO][Sync] Loading: History Delete Directives
2025-04-16 17:00:33.425: [INFO][Sync] Loading: Device Info
2025-04-16 17:00:33.426: [INFO][Sync] Loading: User Consents
2025-04-16 17:00:33.426: [INFO][Sync] Loading: Send Tab To Self
2025-04-16 17:00:33.426: [INFO][Sync] Loading: Web Apps
2025-04-16 17:00:33.426: [INFO][Sync] Loading: History
2025-04-16 17:00:33.426: [INFO][Sync] Loading: Saved Tab Group
2025-04-16 17:00:33.426: [INFO][Sync] Loading: Collection
2025-04-16 17:00:33.426: [INFO][Sync] Loading: Edge E Drop
2025-04-16 17:00:33.426: [INFO][Sync] Loading: Edge Hub App Usage
2025-04-16 17:00:33.426: [INFO][Sync] Loading: Edge Tab Group
2025-04-16 17:00:33.426: [INFO][Sync] Loading: Edge Wallet
2025-04-16 17:00:33.447: [INFO][Sync] All data types are ready for configure.
2025-04-16 17:00:33.742: [INFO][Sync] Started DataTypeManager configuration, reason: 5
2025-04-16 17:00:33.742: [INFO][Sync] Configuring for: Bookmarks, Preferences, Passwords, Autofill Profiles, Autofill, Extensions, Sessions, Extension settings, History Delete Directives, Device Info, User Consents, Send Tab To Self, Web Apps, History, Saved Tab Group, Collection, Edge E Drop, Edge Hub App Usage, Edge Tab Group, Edge Wallet, Encryption Keys, reason: 5, current state: 1
2025-04-16 17:00:33.767: [INFO][SyncEngineBackend::DoStartConfiguration] Start configuration
2025-04-16 17:00:33.769: [INFO][SyncManagerImpl::ConfigureSyncer] Types to download:  with reason: 4
2025-04-16 17:00:33.769: [INFO][SyncEngineBackend::DoFinishConfigureDataTypes] Failed to download types:  and succeeded types: 
2025-04-16 17:00:33.787: [INFO][Sync] ConfigurationDone, failed: , succeeded: , remaining count: 4
2025-04-16 17:00:33.787: [WARN][Sync]     Reconfigure requested while configuration ongoing.
2025-04-16 17:00:33.787: [INFO][Sync] Configuring for: Bookmarks, Preferences, Passwords, Autofill Profiles, Autofill, Extensions, Sessions, Extension settings, History Delete Directives, Device Info, User Consents, Send Tab To Self, Web Apps, History, Saved Tab Group, Collection, Edge E Drop, Edge Hub App Usage, Edge Tab Group, Edge Wallet, Encryption Keys, reason: 5, current state: 2
2025-04-16 17:00:33.787: [INFO][Sync] Configure, desired: Bookmarks, Preferences, Passwords, Autofill Profiles, Autofill, Extensions, Sessions, Extension settings, History Delete Directives, Device Info, User Consents, Send Tab To Self, Web Apps, History, Saved Tab Group, Collection, Edge E Drop, Edge Hub App Usage, Edge Tab Group, Edge Wallet, Encryption Keys; Allow fail: 
2025-04-16 17:00:33.787: [INFO][Sync] Loading: Passwords
2025-04-16 17:00:33.787: [INFO][Sync] Loading: Autofill Profiles
2025-04-16 17:00:33.787: [INFO][Sync] Loading: Autofill
2025-04-16 17:00:33.788: [INFO][Sync] All data types are ready for configure.
2025-04-16 17:00:33.788: [INFO][SyncManagerImpl::NudgeForInitialDownload] Initial download nudge for Passwords
2025-04-16 17:00:33.790: [INFO][SyncManagerImpl::ConfigureSyncer] Types to download:  with reason: 5
2025-04-16 17:00:33.790: [INFO][SyncEngineBackend::DoFinishConfigureDataTypes] Failed to download types:  and succeeded types: 
2025-04-16 17:00:33.790: [INFO][Sync] ConfigurationDone, failed: , succeeded: , remaining count: 4
2025-04-16 17:00:33.790: [INFO][Sync] Prepare to configure types: Passwords, Encryption Keys
2025-04-16 17:00:33.790: [INFO][SyncManagerImpl::ConfigureSyncer] Types to download: Passwords, Encryption Keys with reason: 5
2025-04-16 17:00:33.791: [INFO][SyncSchedulerImpl::DoConfigurationSyncCycleJob] Blocked types:  and types to download: Passwords, Encryption Keys
2025-04-16 17:00:35.695: [INFO][SyncEngineBackend::DoFinishConfigureDataTypes] Failed to download types:  and succeeded types: Passwords, Encryption Keys
2025-04-16 17:00:35.705: [INFO][Sync] ConfigurationDone, failed: , succeeded: Passwords, Encryption Keys, remaining count: 3
2025-04-16 17:00:35.705: [INFO][SyncManagerImpl::ConfigureSyncer] Types to download:  with reason: 5
2025-04-16 17:00:35.705: [INFO][SyncEngineBackend::DoFinishConfigureDataTypes] Failed to download types:  and succeeded types: 
2025-04-16 17:00:35.705: [INFO][Sync] ConfigurationDone, failed: , succeeded: , remaining count: 2
2025-04-16 17:00:35.705: [INFO][SyncManagerImpl::ConfigureSyncer] Types to download:  with reason: 5
2025-04-16 17:00:35.705: [INFO][SyncEngineBackend::DoFinishConfigureDataTypes] Failed to download types:  and succeeded types: 
2025-04-16 17:00:35.710: [INFO][Sync] ConfigurationDone, failed: , succeeded: , remaining count: 1
2025-04-16 17:00:35.717: [INFO][SyncManagerImpl::ConfigureSyncer] Types to download:  with reason: 5
2025-04-16 17:00:35.717: [INFO][SyncEngineBackend::DoFinishConfigureDataTypes] Failed to download types:  and succeeded types: 
2025-04-16 17:00:35.717: [INFO][Sync] ConfigurationDone, failed: , succeeded: , remaining count: 0
2025-04-16 17:00:35.722: [INFO][Sync]     Configuration completed, state: 7
2025-04-16 17:00:35.726: [INFO][Sync] Configured DataTypeManager: Ok
2025-04-16 17:00:35.734: [INFO][SyncEngineBackend::DoStartSyncing] Start syncing
2025-04-16 19:27:05.462: [INFO][Sync] SyncState after authenticated was: FeatureCanStart
2025-04-16 19:27:06.499: [INFO][Sync] Try to start sync engine
2025-04-16 19:27:06.501: [INFO][SyncManagerImpl::NudgeForInitialDownload] Initial download nudge for Encryption Keys
2025-04-16 19:27:06.501: [INFO][SyncEngineBackend::LoadAndConnectNigoriController] Load and connect Nigori controller
2025-04-16 19:27:06.502: [INFO][SyncEngineBackend::DoInitialize] Control Types added: Encryption Keys
2025-04-16 19:27:06.502: [INFO][SyncManagerImpl::ConfigureSyncer] Types to download: Encryption Keys with reason: 3
2025-04-16 19:27:06.502: [INFO][SyncSchedulerImpl::DoConfigurationSyncCycleJob] Configure job was blocked
2025-04-16 19:27:06.589: [INFO][SyncAuthManager::SetLastAuthError] Current auth error: None
2025-04-16 19:27:06.589: [INFO][SyncAuthManager::EdgeLogTokenErrorState] Token error with: None for account type: MSA
2025-04-16 19:27:06.589: [INFO][Sync] Credentials changed for: EdgeSyncScopeNew
2025-04-16 19:27:07.665: [INFO][SyncAuthManager::SetLastAuthError] Current auth error: None
2025-04-16 19:27:07.665: [INFO][SyncAuthManager::EdgeLogTokenErrorState] Token error with: None for account type: MSA
2025-04-16 19:27:07.665: [INFO][Sync] Credentials changed for: EdgeSyncKeyDataScope
2025-04-16 19:27:07.665: [INFO][SyncEngineBackend::DoUpdateKeyDataCredentials] Update key data credentials
2025-04-16 19:27:07.665: [INFO][SyncEngineBackend::DoUpdateCredentials] Update credentials
2025-04-16 19:27:07.665: [INFO][SyncSchedulerImpl::DoConfigurationSyncCycleJob] Blocked types:  and types to download: Encryption Keys
2025-04-16 19:27:08.005: [INFO][Sync] Started DataTypeManager configuration, reason: 4
2025-04-16 19:27:08.005: [INFO][Sync] Configuring for: Bookmarks, Preferences, Passwords, Autofill Profiles, Autofill, Extensions, Sessions, Extension settings, History Delete Directives, Device Info, User Consents, Send Tab To Self, Web Apps, History, Saved Tab Group, Collection, Edge E Drop, Edge Hub App Usage, Edge Tab Group, Edge Wallet, Encryption Keys, reason: 4, current state: 0
2025-04-16 19:27:08.005: [WARN][Sync] Crypto error data types: Passwords, Autofill Profiles, Autofill
2025-04-16 19:27:08.017: [INFO][Sync] Configure, desired: Bookmarks, Preferences, Extensions, Sessions, Extension settings, History Delete Directives, Device Info, User Consents, Send Tab To Self, Web Apps, History, Saved Tab Group, Collection, Edge E Drop, Edge Hub App Usage, Edge Tab Group, Edge Wallet, Encryption Keys; Allow fail: Passwords, Autofill Profiles, Autofill
2025-04-16 19:27:08.023: [INFO][Sync] Loading: Bookmarks
2025-04-16 19:27:08.024: [INFO][Sync] Loading: Preferences
2025-04-16 19:27:08.024: [INFO][Sync] Loading: Extensions
2025-04-16 19:27:08.024: [INFO][Sync] Loading: Sessions
2025-04-16 19:27:08.024: [INFO][Sync] Loading: Extension settings
2025-04-16 19:27:08.025: [INFO][Sync] Loading: History Delete Directives
2025-04-16 19:27:08.026: [INFO][Sync] Loading: Device Info
2025-04-16 19:27:08.028: [INFO][Sync] Loading: User Consents
2025-04-16 19:27:08.028: [INFO][Sync] Loading: Send Tab To Self
2025-04-16 19:27:08.028: [INFO][Sync] Loading: Web Apps
2025-04-16 19:27:08.028: [INFO][Sync] Loading: History
2025-04-16 19:27:08.028: [INFO][Sync] Loading: Saved Tab Group
2025-04-16 19:27:08.028: [INFO][Sync] Loading: Collection
2025-04-16 19:27:08.028: [INFO][Sync] Loading: Edge E Drop
2025-04-16 19:27:08.028: [INFO][Sync] Loading: Edge Hub App Usage
2025-04-16 19:27:08.028: [INFO][Sync] Loading: Edge Tab Group
2025-04-16 19:27:08.028: [INFO][Sync] Loading: Edge Wallet
2025-04-16 19:27:08.053: [INFO][Sync] All data types are ready for configure.
2025-04-16 19:27:08.258: [INFO][Sync] Started DataTypeManager configuration, reason: 5
2025-04-16 19:27:08.259: [INFO][Sync] Configuring for: Bookmarks, Preferences, Passwords, Autofill Profiles, Autofill, Extensions, Sessions, Extension settings, History Delete Directives, Device Info, User Consents, Send Tab To Self, Web Apps, History, Saved Tab Group, Collection, Edge E Drop, Edge Hub App Usage, Edge Tab Group, Edge Wallet, Encryption Keys, reason: 5, current state: 1
2025-04-16 19:27:08.270: [INFO][SyncEngineBackend::DoStartConfiguration] Start configuration
2025-04-16 19:27:08.271: [INFO][SyncManagerImpl::ConfigureSyncer] Types to download:  with reason: 4
2025-04-16 19:27:08.271: [INFO][SyncEngineBackend::DoFinishConfigureDataTypes] Failed to download types:  and succeeded types: 
2025-04-16 19:27:08.271: [INFO][Sync] ConfigurationDone, failed: , succeeded: , remaining count: 4
2025-04-16 19:27:08.271: [WARN][Sync]     Reconfigure requested while configuration ongoing.
2025-04-16 19:27:08.271: [INFO][Sync] Configuring for: Bookmarks, Preferences, Passwords, Autofill Profiles, Autofill, Extensions, Sessions, Extension settings, History Delete Directives, Device Info, User Consents, Send Tab To Self, Web Apps, History, Saved Tab Group, Collection, Edge E Drop, Edge Hub App Usage, Edge Tab Group, Edge Wallet, Encryption Keys, reason: 5, current state: 2
2025-04-16 19:27:08.271: [INFO][Sync] Configure, desired: Bookmarks, Preferences, Passwords, Autofill Profiles, Autofill, Extensions, Sessions, Extension settings, History Delete Directives, Device Info, User Consents, Send Tab To Self, Web Apps, History, Saved Tab Group, Collection, Edge E Drop, Edge Hub App Usage, Edge Tab Group, Edge Wallet, Encryption Keys; Allow fail: 
2025-04-16 19:27:08.271: [INFO][Sync] Loading: Passwords
2025-04-16 19:27:08.271: [INFO][Sync] Loading: Autofill Profiles
2025-04-16 19:27:08.271: [INFO][Sync] Loading: Autofill
2025-04-16 19:27:08.271: [INFO][Sync] All data types are ready for configure.
2025-04-16 19:27:08.272: [INFO][SyncManagerImpl::NudgeForInitialDownload] Initial download nudge for Passwords
2025-04-16 19:27:08.272: [INFO][SyncManagerImpl::ConfigureSyncer] Types to download:  with reason: 5
2025-04-16 19:27:08.272: [INFO][SyncEngineBackend::DoFinishConfigureDataTypes] Failed to download types:  and succeeded types: 
2025-04-16 19:27:08.272: [INFO][Sync] ConfigurationDone, failed: , succeeded: , remaining count: 4
2025-04-16 19:27:08.272: [INFO][Sync] Prepare to configure types: Passwords, Encryption Keys
2025-04-16 19:27:08.272: [INFO][SyncManagerImpl::ConfigureSyncer] Types to download: Passwords, Encryption Keys with reason: 5
2025-04-16 19:27:08.272: [INFO][SyncSchedulerImpl::DoConfigurationSyncCycleJob] Blocked types:  and types to download: Passwords, Encryption Keys
2025-04-16 19:27:08.520: [INFO][SyncEngineBackend::DoFinishConfigureDataTypes] Failed to download types:  and succeeded types: Passwords, Encryption Keys
2025-04-16 19:27:08.526: [INFO][Sync] ConfigurationDone, failed: , succeeded: Passwords, Encryption Keys, remaining count: 3
2025-04-16 19:27:08.526: [INFO][SyncManagerImpl::ConfigureSyncer] Types to download:  with reason: 5
2025-04-16 19:27:08.526: [INFO][SyncEngineBackend::DoFinishConfigureDataTypes] Failed to download types:  and succeeded types: 
2025-04-16 19:27:08.526: [INFO][Sync] ConfigurationDone, failed: , succeeded: , remaining count: 2
2025-04-16 19:27:08.527: [INFO][SyncManagerImpl::ConfigureSyncer] Types to download:  with reason: 5
2025-04-16 19:27:08.527: [INFO][SyncEngineBackend::DoFinishConfigureDataTypes] Failed to download types:  and succeeded types: 
2025-04-16 19:27:08.532: [INFO][Sync] ConfigurationDone, failed: , succeeded: , remaining count: 1
2025-04-16 19:27:08.537: [INFO][SyncManagerImpl::ConfigureSyncer] Types to download:  with reason: 5
2025-04-16 19:27:08.537: [INFO][SyncEngineBackend::DoFinishConfigureDataTypes] Failed to download types:  and succeeded types: 
2025-04-16 19:27:08.537: [INFO][Sync] ConfigurationDone, failed: , succeeded: , remaining count: 0
2025-04-16 19:27:08.542: [INFO][Sync]     Configuration completed, state: 7
2025-04-16 19:27:08.544: [INFO][Sync] Configured DataTypeManager: Ok
2025-04-16 19:27:08.550: [INFO][SyncEngineBackend::DoStartSyncing] Start syncing
2025-04-16 20:05:42.365: [INFO][Sync] Reset engine, reason: 0
2025-04-16 20:05:42.365: [INFO][Sync] Reset engine with reason: 0
2025-04-16 20:07:12.122: [INFO][Sync] SyncState after authenticated was: FeatureCanStart
2025-04-16 20:07:13.302: [INFO][Sync] Try to start sync engine
2025-04-16 20:07:13.306: [INFO][SyncManagerImpl::NudgeForInitialDownload] Initial download nudge for Encryption Keys
2025-04-16 20:07:13.306: [INFO][SyncEngineBackend::LoadAndConnectNigoriController] Load and connect Nigori controller
2025-04-16 20:07:13.306: [INFO][SyncEngineBackend::DoInitialize] Control Types added: Encryption Keys
2025-04-16 20:07:13.306: [INFO][SyncManagerImpl::ConfigureSyncer] Types to download: Encryption Keys with reason: 3
2025-04-16 20:07:13.306: [INFO][SyncSchedulerImpl::DoConfigurationSyncCycleJob] Configure job was blocked
2025-04-16 20:07:13.546: [INFO][SyncAuthManager::SetLastAuthError] Current auth error: None
2025-04-16 20:07:13.546: [INFO][SyncAuthManager::EdgeLogTokenErrorState] Token error with: None for account type: MSA
2025-04-16 20:07:13.546: [INFO][Sync] Credentials changed for: EdgeSyncScopeNew
2025-04-16 20:07:14.877: [INFO][SyncAuthManager::SetLastAuthError] Current auth error: None
2025-04-16 20:07:14.877: [INFO][SyncAuthManager::EdgeLogTokenErrorState] Token error with: None for account type: MSA
2025-04-16 20:07:14.877: [INFO][Sync] Credentials changed for: EdgeSyncKeyDataScope
2025-04-16 20:07:14.877: [INFO][SyncEngineBackend::DoUpdateKeyDataCredentials] Update key data credentials
2025-04-16 20:07:14.877: [INFO][SyncEngineBackend::DoUpdateCredentials] Update credentials
2025-04-16 20:07:14.878: [INFO][SyncSchedulerImpl::DoConfigurationSyncCycleJob] Blocked types:  and types to download: Encryption Keys
2025-04-16 20:07:15.241: [INFO][Sync] Started DataTypeManager configuration, reason: 4
2025-04-16 20:07:15.241: [INFO][Sync] Configuring for: Bookmarks, Preferences, Passwords, Autofill Profiles, Autofill, Extensions, Sessions, Extension settings, History Delete Directives, Device Info, User Consents, Send Tab To Self, Web Apps, History, Saved Tab Group, Collection, Edge E Drop, Edge Hub App Usage, Edge Tab Group, Edge Wallet, Encryption Keys, reason: 4, current state: 0
2025-04-16 20:07:15.241: [WARN][Sync] Crypto error data types: Passwords, Autofill Profiles, Autofill
2025-04-16 20:07:15.246: [INFO][Sync] Configure, desired: Bookmarks, Preferences, Extensions, Sessions, Extension settings, History Delete Directives, Device Info, User Consents, Send Tab To Self, Web Apps, History, Saved Tab Group, Collection, Edge E Drop, Edge Hub App Usage, Edge Tab Group, Edge Wallet, Encryption Keys; Allow fail: Passwords, Autofill Profiles, Autofill
2025-04-16 20:07:15.247: [INFO][Sync] Loading: Bookmarks
2025-04-16 20:07:15.248: [INFO][Sync] Loading: Preferences
2025-04-16 20:07:15.248: [INFO][Sync] Loading: Extensions
2025-04-16 20:07:15.248: [INFO][Sync] Loading: Sessions
2025-04-16 20:07:15.248: [INFO][Sync] Loading: Extension settings
2025-04-16 20:07:15.248: [INFO][Sync] Loading: History Delete Directives
2025-04-16 20:07:15.248: [INFO][Sync] Loading: Device Info
2025-04-16 20:07:15.248: [INFO][Sync] Loading: User Consents
2025-04-16 20:07:15.248: [INFO][Sync] Loading: Send Tab To Self
2025-04-16 20:07:15.248: [INFO][Sync] Loading: Web Apps
2025-04-16 20:07:15.248: [INFO][Sync] Loading: History
2025-04-16 20:07:15.248: [INFO][Sync] Loading: Saved Tab Group
2025-04-16 20:07:15.248: [INFO][Sync] Loading: Collection
2025-04-16 20:07:15.248: [INFO][Sync] Loading: Edge E Drop
2025-04-16 20:07:15.248: [INFO][Sync] Loading: Edge Hub App Usage
2025-04-16 20:07:15.248: [INFO][Sync] Loading: Edge Tab Group
2025-04-16 20:07:15.248: [INFO][Sync] Loading: Edge Wallet
2025-04-16 20:07:15.263: [INFO][Sync] All data types are ready for configure.
2025-04-16 20:07:15.520: [INFO][Sync] Started DataTypeManager configuration, reason: 5
2025-04-16 20:07:15.520: [INFO][Sync] Configuring for: Bookmarks, Preferences, Passwords, Autofill Profiles, Autofill, Extensions, Sessions, Extension settings, History Delete Directives, Device Info, User Consents, Send Tab To Self, Web Apps, History, Saved Tab Group, Collection, Edge E Drop, Edge Hub App Usage, Edge Tab Group, Edge Wallet, Encryption Keys, reason: 5, current state: 1
2025-04-16 20:07:15.531: [INFO][SyncEngineBackend::DoStartConfiguration] Start configuration
2025-04-16 20:07:15.532: [INFO][SyncManagerImpl::ConfigureSyncer] Types to download:  with reason: 4
2025-04-16 20:07:15.532: [INFO][SyncEngineBackend::DoFinishConfigureDataTypes] Failed to download types:  and succeeded types: 
2025-04-16 20:07:15.533: [INFO][Sync] ConfigurationDone, failed: , succeeded: , remaining count: 4
2025-04-16 20:07:15.533: [WARN][Sync]     Reconfigure requested while configuration ongoing.
2025-04-16 20:07:15.533: [INFO][Sync] Configuring for: Bookmarks, Preferences, Passwords, Autofill Profiles, Autofill, Extensions, Sessions, Extension settings, History Delete Directives, Device Info, User Consents, Send Tab To Self, Web Apps, History, Saved Tab Group, Collection, Edge E Drop, Edge Hub App Usage, Edge Tab Group, Edge Wallet, Encryption Keys, reason: 5, current state: 2
2025-04-16 20:07:15.533: [INFO][Sync] Configure, desired: Bookmarks, Preferences, Passwords, Autofill Profiles, Autofill, Extensions, Sessions, Extension settings, History Delete Directives, Device Info, User Consents, Send Tab To Self, Web Apps, History, Saved Tab Group, Collection, Edge E Drop, Edge Hub App Usage, Edge Tab Group, Edge Wallet, Encryption Keys; Allow fail: 
2025-04-16 20:07:15.533: [INFO][Sync] Loading: Passwords
2025-04-16 20:07:15.533: [INFO][Sync] Loading: Autofill Profiles
2025-04-16 20:07:15.533: [INFO][Sync] Loading: Autofill
2025-04-16 20:07:15.533: [INFO][Sync] All data types are ready for configure.
2025-04-16 20:07:15.533: [INFO][SyncManagerImpl::NudgeForInitialDownload] Initial download nudge for Passwords
2025-04-16 20:07:15.534: [INFO][SyncManagerImpl::ConfigureSyncer] Types to download:  with reason: 5
2025-04-16 20:07:15.534: [INFO][SyncEngineBackend::DoFinishConfigureDataTypes] Failed to download types:  and succeeded types: 
2025-04-16 20:07:15.534: [INFO][Sync] ConfigurationDone, failed: , succeeded: , remaining count: 4
2025-04-16 20:07:15.534: [INFO][Sync] Prepare to configure types: Passwords, Encryption Keys
2025-04-16 20:07:15.534: [INFO][SyncManagerImpl::ConfigureSyncer] Types to download: Passwords, Encryption Keys with reason: 5
2025-04-16 20:07:15.534: [INFO][SyncSchedulerImpl::DoConfigurationSyncCycleJob] Blocked types:  and types to download: Passwords, Encryption Keys
2025-04-16 20:07:15.900: [INFO][SyncEngineBackend::DoFinishConfigureDataTypes] Failed to download types:  and succeeded types: Passwords, Encryption Keys
2025-04-16 20:07:15.906: [INFO][Sync] ConfigurationDone, failed: , succeeded: Passwords, Encryption Keys, remaining count: 3
2025-04-16 20:07:15.906: [INFO][SyncManagerImpl::ConfigureSyncer] Types to download:  with reason: 5
2025-04-16 20:07:15.906: [INFO][SyncEngineBackend::DoFinishConfigureDataTypes] Failed to download types:  and succeeded types: 
2025-04-16 20:07:15.906: [INFO][Sync] ConfigurationDone, failed: , succeeded: , remaining count: 2
2025-04-16 20:07:15.906: [INFO][SyncManagerImpl::ConfigureSyncer] Types to download:  with reason: 5
2025-04-16 20:07:15.906: [INFO][SyncEngineBackend::DoFinishConfigureDataTypes] Failed to download types:  and succeeded types: 
2025-04-16 20:07:15.911: [INFO][Sync] ConfigurationDone, failed: , succeeded: , remaining count: 1
2025-04-16 20:07:15.916: [INFO][SyncManagerImpl::ConfigureSyncer] Types to download:  with reason: 5
2025-04-16 20:07:15.916: [INFO][SyncEngineBackend::DoFinishConfigureDataTypes] Failed to download types:  and succeeded types: 
2025-04-16 20:07:15.916: [INFO][Sync] ConfigurationDone, failed: , succeeded: , remaining count: 0
2025-04-16 20:07:15.922: [INFO][Sync]     Configuration completed, state: 7
2025-04-16 20:07:15.923: [INFO][Sync] Configured DataTypeManager: Ok
2025-04-16 20:07:15.930: [INFO][SyncEngineBackend::DoStartSyncing] Start syncing
2025-04-16 20:47:19.930: [INFO][Sync] Reset engine, reason: 0
2025-04-16 20:47:19.930: [INFO][Sync] Reset engine with reason: 0
2025-04-17 00:21:49.983: [INFO][Sync] SyncState after authenticated was: FeatureCanStart
2025-04-17 00:21:50.840: [INFO][Sync] Try to start sync engine
2025-04-17 00:21:50.843: [INFO][SyncManagerImpl::NudgeForInitialDownload] Initial download nudge for Encryption Keys
2025-04-17 00:21:50.843: [INFO][SyncEngineBackend::LoadAndConnectNigoriController] Load and connect Nigori controller
2025-04-17 00:21:50.843: [INFO][SyncEngineBackend::DoInitialize] Control Types added: Encryption Keys
2025-04-17 00:21:50.843: [INFO][SyncManagerImpl::ConfigureSyncer] Types to download: Encryption Keys with reason: 3
2025-04-17 00:21:50.843: [INFO][SyncSchedulerImpl::DoConfigurationSyncCycleJob] Configure job was blocked
2025-04-17 00:21:50.929: [INFO][SyncAuthManager::SetLastAuthError] Current auth error: None
2025-04-17 00:21:50.929: [INFO][SyncAuthManager::EdgeLogTokenErrorState] Token error with: None for account type: MSA
2025-04-17 00:21:50.929: [INFO][Sync] Credentials changed for: EdgeSyncScopeNew
2025-04-17 00:21:52.839: [INFO][SyncAuthManager::SetLastAuthError] Current auth error: None
2025-04-17 00:21:52.840: [INFO][SyncAuthManager::EdgeLogTokenErrorState] Token error with: None for account type: MSA
2025-04-17 00:21:52.840: [INFO][Sync] Credentials changed for: EdgeSyncKeyDataScope
2025-04-17 00:21:52.840: [INFO][SyncEngineBackend::DoUpdateKeyDataCredentials] Update key data credentials
2025-04-17 00:21:52.840: [INFO][SyncEngineBackend::DoUpdateCredentials] Update credentials
2025-04-17 00:21:52.840: [INFO][SyncSchedulerImpl::DoConfigurationSyncCycleJob] Blocked types:  and types to download: Encryption Keys
2025-04-17 00:21:53.190: [INFO][Sync] Started DataTypeManager configuration, reason: 4
2025-04-17 00:21:53.190: [INFO][Sync] Configuring for: Bookmarks, Preferences, Passwords, Autofill Profiles, Autofill, Extensions, Sessions, Extension settings, History Delete Directives, Device Info, User Consents, Send Tab To Self, Web Apps, History, Saved Tab Group, Collection, Edge E Drop, Edge Hub App Usage, Edge Tab Group, Edge Wallet, Encryption Keys, reason: 4, current state: 0
2025-04-17 00:21:53.190: [WARN][Sync] Crypto error data types: Passwords, Autofill Profiles, Autofill
2025-04-17 00:21:53.194: [INFO][Sync] Configure, desired: Bookmarks, Preferences, Extensions, Sessions, Extension settings, History Delete Directives, Device Info, User Consents, Send Tab To Self, Web Apps, History, Saved Tab Group, Collection, Edge E Drop, Edge Hub App Usage, Edge Tab Group, Edge Wallet, Encryption Keys; Allow fail: Passwords, Autofill Profiles, Autofill
2025-04-17 00:21:53.194: [INFO][Sync] Loading: Bookmarks
2025-04-17 00:21:53.194: [INFO][Sync] Loading: Preferences
2025-04-17 00:21:53.194: [INFO][Sync] Loading: Extensions
2025-04-17 00:21:53.194: [INFO][Sync] Loading: Sessions
2025-04-17 00:21:53.194: [INFO][Sync] Loading: Extension settings
2025-04-17 00:21:53.194: [INFO][Sync] Loading: History Delete Directives
2025-04-17 00:21:53.194: [INFO][Sync] Loading: Device Info
2025-04-17 00:21:53.194: [INFO][Sync] Loading: User Consents
2025-04-17 00:21:53.194: [INFO][Sync] Loading: Send Tab To Self
2025-04-17 00:21:53.194: [INFO][Sync] Loading: Web Apps
2025-04-17 00:21:53.194: [INFO][Sync] Loading: History
2025-04-17 00:21:53.194: [INFO][Sync] Loading: Saved Tab Group
2025-04-17 00:21:53.194: [INFO][Sync] Loading: Collection
2025-04-17 00:21:53.194: [INFO][Sync] Loading: Edge E Drop
2025-04-17 00:21:53.194: [INFO][Sync] Loading: Edge Hub App Usage
2025-04-17 00:21:53.194: [INFO][Sync] Loading: Edge Tab Group
2025-04-17 00:21:53.195: [INFO][Sync] Loading: Edge Wallet
2025-04-17 00:21:53.204: [INFO][Sync] All data types are ready for configure.
2025-04-17 00:21:53.484: [INFO][Sync] Started DataTypeManager configuration, reason: 5
2025-04-17 00:21:53.484: [INFO][Sync] Configuring for: Bookmarks, Preferences, Passwords, Autofill Profiles, Autofill, Extensions, Sessions, Extension settings, History Delete Directives, Device Info, User Consents, Send Tab To Self, Web Apps, History, Saved Tab Group, Collection, Edge E Drop, Edge Hub App Usage, Edge Tab Group, Edge Wallet, Encryption Keys, reason: 5, current state: 1
2025-04-17 00:21:53.503: [INFO][SyncEngineBackend::DoStartConfiguration] Start configuration
2025-04-17 00:21:53.504: [INFO][SyncManagerImpl::ConfigureSyncer] Types to download:  with reason: 4
2025-04-17 00:21:53.504: [INFO][SyncEngineBackend::DoFinishConfigureDataTypes] Failed to download types:  and succeeded types: 
2025-04-17 00:21:53.504: [INFO][Sync] ConfigurationDone, failed: , succeeded: , remaining count: 4
2025-04-17 00:21:53.504: [WARN][Sync]     Reconfigure requested while configuration ongoing.
2025-04-17 00:21:53.504: [INFO][Sync] Configuring for: Bookmarks, Preferences, Passwords, Autofill Profiles, Autofill, Extensions, Sessions, Extension settings, History Delete Directives, Device Info, User Consents, Send Tab To Self, Web Apps, History, Saved Tab Group, Collection, Edge E Drop, Edge Hub App Usage, Edge Tab Group, Edge Wallet, Encryption Keys, reason: 5, current state: 2
2025-04-17 00:21:53.504: [INFO][Sync] Configure, desired: Bookmarks, Preferences, Passwords, Autofill Profiles, Autofill, Extensions, Sessions, Extension settings, History Delete Directives, Device Info, User Consents, Send Tab To Self, Web Apps, History, Saved Tab Group, Collection, Edge E Drop, Edge Hub App Usage, Edge Tab Group, Edge Wallet, Encryption Keys; Allow fail: 
2025-04-17 00:21:53.504: [INFO][Sync] Loading: Passwords
2025-04-17 00:21:53.504: [INFO][Sync] Loading: Autofill Profiles
2025-04-17 00:21:53.504: [INFO][Sync] Loading: Autofill
2025-04-17 00:21:53.505: [INFO][Sync] All data types are ready for configure.
2025-04-17 00:21:53.505: [INFO][SyncManagerImpl::NudgeForInitialDownload] Initial download nudge for Passwords
2025-04-17 00:21:53.505: [INFO][SyncManagerImpl::ConfigureSyncer] Types to download:  with reason: 5
2025-04-17 00:21:53.505: [INFO][SyncEngineBackend::DoFinishConfigureDataTypes] Failed to download types:  and succeeded types: 
2025-04-17 00:21:53.505: [INFO][Sync] ConfigurationDone, failed: , succeeded: , remaining count: 4
2025-04-17 00:21:53.505: [INFO][Sync] Prepare to configure types: Passwords, Encryption Keys
2025-04-17 00:21:53.505: [INFO][SyncManagerImpl::ConfigureSyncer] Types to download: Passwords, Encryption Keys with reason: 5
2025-04-17 00:21:53.505: [INFO][SyncSchedulerImpl::DoConfigurationSyncCycleJob] Blocked types:  and types to download: Passwords, Encryption Keys
2025-04-17 00:21:54.048: [INFO][SyncEngineBackend::DoFinishConfigureDataTypes] Failed to download types:  and succeeded types: Passwords, Encryption Keys
2025-04-17 00:21:54.052: [INFO][Sync] ConfigurationDone, failed: , succeeded: Passwords, Encryption Keys, remaining count: 3
2025-04-17 00:21:54.053: [INFO][SyncManagerImpl::ConfigureSyncer] Types to download:  with reason: 5
2025-04-17 00:21:54.053: [INFO][SyncEngineBackend::DoFinishConfigureDataTypes] Failed to download types:  and succeeded types: 
2025-04-17 00:21:54.053: [INFO][Sync] ConfigurationDone, failed: , succeeded: , remaining count: 2
2025-04-17 00:21:54.053: [INFO][SyncManagerImpl::ConfigureSyncer] Types to download:  with reason: 5
2025-04-17 00:21:54.053: [INFO][SyncEngineBackend::DoFinishConfigureDataTypes] Failed to download types:  and succeeded types: 
2025-04-17 00:21:54.058: [INFO][Sync] ConfigurationDone, failed: , succeeded: , remaining count: 1
2025-04-17 00:21:54.066: [INFO][SyncManagerImpl::ConfigureSyncer] Types to download:  with reason: 5
2025-04-17 00:21:54.066: [INFO][SyncEngineBackend::DoFinishConfigureDataTypes] Failed to download types:  and succeeded types: 
2025-04-17 00:21:54.066: [INFO][Sync] ConfigurationDone, failed: , succeeded: , remaining count: 0
2025-04-17 00:21:54.071: [INFO][Sync]     Configuration completed, state: 7
2025-04-17 00:21:54.071: [INFO][Sync] Configured DataTypeManager: Ok
2025-04-17 00:21:54.078: [INFO][SyncEngineBackend::DoStartSyncing] Start syncing
2025-04-17 00:35:17.894: [INFO][SyncSchedulerImpl::OnSyncNetworkError] Syncer error: HTTP error (401)
2025-04-17 00:35:17.894: [INFO][Sync] Connection status changed to: 2
2025-04-17 00:35:17.894: [INFO][Commit::ReportFullCommitFailure] Commit Sessions failed with error: AuthError
2025-04-17 00:35:17.894: [INFO][SyncSchedulerImpl::DoNudgeSyncCycleJob] Syncer error: HTTP error (401)
2025-04-17 00:35:17.906: [WARN][Sync] NetworkError: HTTP error (401)
2025-04-17 00:35:17.975: [INFO][SyncAuthManager::SetLastAuthError] Current auth error: None
2025-04-17 00:35:17.975: [INFO][SyncAuthManager::EdgeLogTokenErrorState] Token error with: None for account type: MSA
2025-04-17 00:35:17.976: [INFO][Sync] Credentials changed for: EdgeSyncScopeNew
2025-04-17 00:35:18.847: [INFO][SyncAuthManager::SetLastAuthError] Current auth error: None
2025-04-17 00:35:18.847: [INFO][SyncAuthManager::EdgeLogTokenErrorState] Token error with: None for account type: MSA
2025-04-17 00:35:18.847: [INFO][Sync] Credentials changed for: EdgeSyncKeyDataScope
2025-04-17 00:35:18.847: [INFO][SyncEngineBackend::DoUpdateKeyDataCredentials] Update key data credentials
2025-04-17 00:35:18.847: [INFO][SyncEngineBackend::DoUpdateCredentials] Update credentials
2025-04-17 00:57:00.858: [INFO][Sync] Reset engine, reason: 0
2025-04-17 00:58:28.761: [INFO][Sync] SyncState after authenticated was: FeatureCanStart
2025-04-17 00:58:30.051: [INFO][Sync] Try to start sync engine
2025-04-17 00:58:30.054: [INFO][SyncManagerImpl::NudgeForInitialDownload] Initial download nudge for Encryption Keys
2025-04-17 00:58:30.054: [INFO][SyncEngineBackend::LoadAndConnectNigoriController] Load and connect Nigori controller
2025-04-17 00:58:30.054: [INFO][SyncEngineBackend::DoInitialize] Control Types added: Encryption Keys
2025-04-17 00:58:30.054: [INFO][SyncManagerImpl::ConfigureSyncer] Types to download: Encryption Keys with reason: 3
2025-04-17 00:58:30.054: [INFO][SyncSchedulerImpl::DoConfigurationSyncCycleJob] Configure job was blocked
2025-04-17 00:58:30.164: [INFO][SyncAuthManager::SetLastAuthError] Current auth error: None
2025-04-17 00:58:30.164: [INFO][SyncAuthManager::EdgeLogTokenErrorState] Token error with: None for account type: MSA
2025-04-17 00:58:30.164: [INFO][Sync] Credentials changed for: EdgeSyncScopeNew
2025-04-17 00:58:31.046: [INFO][SyncAuthManager::SetLastAuthError] Current auth error: None
2025-04-17 00:58:31.047: [INFO][SyncAuthManager::EdgeLogTokenErrorState] Token error with: None for account type: MSA
2025-04-17 00:58:31.047: [INFO][Sync] Credentials changed for: EdgeSyncKeyDataScope
2025-04-17 00:58:31.047: [INFO][SyncEngineBackend::DoUpdateKeyDataCredentials] Update key data credentials
2025-04-17 00:58:31.047: [INFO][SyncEngineBackend::DoUpdateCredentials] Update credentials
2025-04-17 00:58:31.047: [INFO][SyncSchedulerImpl::DoConfigurationSyncCycleJob] Blocked types:  and types to download: Encryption Keys
2025-04-17 00:58:31.427: [INFO][Sync] Started DataTypeManager configuration, reason: 4
2025-04-17 00:58:31.427: [INFO][Sync] Configuring for: Bookmarks, Preferences, Passwords, Autofill Profiles, Autofill, Extensions, Sessions, Extension settings, History Delete Directives, Device Info, User Consents, Send Tab To Self, Web Apps, History, Saved Tab Group, Collection, Edge E Drop, Edge Hub App Usage, Edge Tab Group, Edge Wallet, Encryption Keys, reason: 4, current state: 0
2025-04-17 00:58:31.427: [WARN][Sync] Crypto error data types: Passwords, Autofill Profiles, Autofill
2025-04-17 00:58:31.433: [INFO][Sync] Configure, desired: Bookmarks, Preferences, Extensions, Sessions, Extension settings, History Delete Directives, Device Info, User Consents, Send Tab To Self, Web Apps, History, Saved Tab Group, Collection, Edge E Drop, Edge Hub App Usage, Edge Tab Group, Edge Wallet, Encryption Keys; Allow fail: Passwords, Autofill Profiles, Autofill
2025-04-17 00:58:31.436: [INFO][Sync] Loading: Bookmarks
2025-04-17 00:58:31.437: [INFO][Sync] Loading: Preferences
2025-04-17 00:58:31.437: [INFO][Sync] Loading: Extensions
2025-04-17 00:58:31.437: [INFO][Sync] Loading: Sessions
2025-04-17 00:58:31.438: [INFO][Sync] Loading: Extension settings
2025-04-17 00:58:31.438: [INFO][Sync] Loading: History Delete Directives
2025-04-17 00:58:31.440: [INFO][Sync] Loading: Device Info
2025-04-17 00:58:31.441: [INFO][Sync] Loading: User Consents
2025-04-17 00:58:31.441: [INFO][Sync] Loading: Send Tab To Self
2025-04-17 00:58:31.441: [INFO][Sync] Loading: Web Apps
2025-04-17 00:58:31.441: [INFO][Sync] Loading: History
2025-04-17 00:58:31.441: [INFO][Sync] Loading: Saved Tab Group
2025-04-17 00:58:31.441: [INFO][Sync] Loading: Collection
2025-04-17 00:58:31.441: [INFO][Sync] Loading: Edge E Drop
2025-04-17 00:58:31.441: [INFO][Sync] Loading: Edge Hub App Usage
2025-04-17 00:58:31.441: [INFO][Sync] Loading: Edge Tab Group
2025-04-17 00:58:31.441: [INFO][Sync] Loading: Edge Wallet
2025-04-17 00:58:31.475: [INFO][Sync] All data types are ready for configure.
2025-04-17 00:58:31.722: [INFO][Sync] Started DataTypeManager configuration, reason: 5
2025-04-17 00:58:31.722: [INFO][Sync] Configuring for: Bookmarks, Preferences, Passwords, Autofill Profiles, Autofill, Extensions, Sessions, Extension settings, History Delete Directives, Device Info, User Consents, Send Tab To Self, Web Apps, History, Saved Tab Group, Collection, Edge E Drop, Edge Hub App Usage, Edge Tab Group, Edge Wallet, Encryption Keys, reason: 5, current state: 1
2025-04-17 00:58:31.736: [INFO][SyncEngineBackend::DoStartConfiguration] Start configuration
2025-04-17 00:58:31.737: [INFO][SyncManagerImpl::ConfigureSyncer] Types to download:  with reason: 4
2025-04-17 00:58:31.737: [INFO][SyncEngineBackend::DoFinishConfigureDataTypes] Failed to download types:  and succeeded types: 
2025-04-17 00:58:31.738: [INFO][Sync] ConfigurationDone, failed: , succeeded: , remaining count: 4
2025-04-17 00:58:31.738: [WARN][Sync]     Reconfigure requested while configuration ongoing.
2025-04-17 00:58:31.738: [INFO][Sync] Configuring for: Bookmarks, Preferences, Passwords, Autofill Profiles, Autofill, Extensions, Sessions, Extension settings, History Delete Directives, Device Info, User Consents, Send Tab To Self, Web Apps, History, Saved Tab Group, Collection, Edge E Drop, Edge Hub App Usage, Edge Tab Group, Edge Wallet, Encryption Keys, reason: 5, current state: 2
2025-04-17 00:58:31.738: [INFO][Sync] Configure, desired: Bookmarks, Preferences, Passwords, Autofill Profiles, Autofill, Extensions, Sessions, Extension settings, History Delete Directives, Device Info, User Consents, Send Tab To Self, Web Apps, History, Saved Tab Group, Collection, Edge E Drop, Edge Hub App Usage, Edge Tab Group, Edge Wallet, Encryption Keys; Allow fail: 
2025-04-17 00:58:31.738: [INFO][Sync] Loading: Passwords
2025-04-17 00:58:31.738: [INFO][Sync] Loading: Autofill Profiles
2025-04-17 00:58:31.738: [INFO][Sync] Loading: Autofill
2025-04-17 00:58:31.738: [INFO][Sync] All data types are ready for configure.
2025-04-17 00:58:31.738: [INFO][SyncManagerImpl::NudgeForInitialDownload] Initial download nudge for Passwords
2025-04-17 00:58:31.738: [INFO][SyncManagerImpl::ConfigureSyncer] Types to download:  with reason: 5
2025-04-17 00:58:31.738: [INFO][SyncEngineBackend::DoFinishConfigureDataTypes] Failed to download types:  and succeeded types: 
2025-04-17 00:58:31.738: [INFO][Sync] ConfigurationDone, failed: , succeeded: , remaining count: 4
2025-04-17 00:58:31.738: [INFO][Sync] Prepare to configure types: Passwords, Encryption Keys
2025-04-17 00:58:31.739: [INFO][SyncManagerImpl::ConfigureSyncer] Types to download: Passwords, Encryption Keys with reason: 5
2025-04-17 00:58:31.739: [INFO][SyncSchedulerImpl::DoConfigurationSyncCycleJob] Blocked types:  and types to download: Passwords, Encryption Keys
2025-04-17 00:58:32.056: [INFO][SyncEngineBackend::DoFinishConfigureDataTypes] Failed to download types:  and succeeded types: Passwords, Encryption Keys
2025-04-17 00:58:32.062: [INFO][Sync] ConfigurationDone, failed: , succeeded: Passwords, Encryption Keys, remaining count: 3
2025-04-17 00:58:32.062: [INFO][SyncManagerImpl::ConfigureSyncer] Types to download:  with reason: 5
2025-04-17 00:58:32.062: [INFO][SyncEngineBackend::DoFinishConfigureDataTypes] Failed to download types:  and succeeded types: 
2025-04-17 00:58:32.062: [INFO][Sync] ConfigurationDone, failed: , succeeded: , remaining count: 2
2025-04-17 00:58:32.062: [INFO][SyncManagerImpl::ConfigureSyncer] Types to download:  with reason: 5
2025-04-17 00:58:32.063: [INFO][SyncEngineBackend::DoFinishConfigureDataTypes] Failed to download types:  and succeeded types: 
2025-04-17 00:58:32.068: [INFO][Sync] ConfigurationDone, failed: , succeeded: , remaining count: 1
2025-04-17 00:58:32.073: [INFO][SyncManagerImpl::ConfigureSyncer] Types to download:  with reason: 5
2025-04-17 00:58:32.073: [INFO][SyncEngineBackend::DoFinishConfigureDataTypes] Failed to download types:  and succeeded types: 
2025-04-17 00:58:32.075: [INFO][Sync] ConfigurationDone, failed: , succeeded: , remaining count: 0
2025-04-17 00:58:32.082: [INFO][Sync]     Configuration completed, state: 7
2025-04-17 00:58:32.083: [INFO][Sync] Configured DataTypeManager: Ok
2025-04-17 00:58:32.091: [INFO][SyncEngineBackend::DoStartSyncing] Start syncing
2025-04-17 02:33:03.062: [INFO][Sync] SyncState after authenticated was: FeatureCanStart
2025-04-17 02:33:03.843: [INFO][Sync] Try to start sync engine
2025-04-17 02:33:03.844: [INFO][SyncManagerImpl::NudgeForInitialDownload] Initial download nudge for Encryption Keys
2025-04-17 02:33:03.844: [INFO][SyncEngineBackend::LoadAndConnectNigoriController] Load and connect Nigori controller
2025-04-17 02:33:03.844: [INFO][SyncEngineBackend::DoInitialize] Control Types added: Encryption Keys
2025-04-17 02:33:03.844: [INFO][SyncManagerImpl::ConfigureSyncer] Types to download: Encryption Keys with reason: 3
2025-04-17 02:33:03.844: [INFO][SyncSchedulerImpl::DoConfigurationSyncCycleJob] Configure job was blocked
2025-04-17 02:33:03.949: [INFO][SyncAuthManager::SetLastAuthError] Current auth error: None
2025-04-17 02:33:03.949: [INFO][SyncAuthManager::EdgeLogTokenErrorState] Token error with: None for account type: MSA
2025-04-17 02:33:03.949: [INFO][Sync] Credentials changed for: EdgeSyncScopeNew
2025-04-17 02:33:05.644: [INFO][SyncAuthManager::SetLastAuthError] Current auth error: None
2025-04-17 02:33:05.644: [INFO][SyncAuthManager::EdgeLogTokenErrorState] Token error with: None for account type: MSA
2025-04-17 02:33:05.644: [INFO][Sync] Credentials changed for: EdgeSyncKeyDataScope
2025-04-17 02:33:05.644: [INFO][SyncEngineBackend::DoUpdateKeyDataCredentials] Update key data credentials
2025-04-17 02:33:05.644: [INFO][SyncEngineBackend::DoUpdateCredentials] Update credentials
2025-04-17 02:33:05.644: [INFO][SyncSchedulerImpl::DoConfigurationSyncCycleJob] Blocked types:  and types to download: Encryption Keys
2025-04-17 02:33:06.005: [INFO][Sync] Started DataTypeManager configuration, reason: 4
2025-04-17 02:33:06.005: [INFO][Sync] Configuring for: Bookmarks, Preferences, Passwords, Autofill Profiles, Autofill, Extensions, Sessions, Extension settings, History Delete Directives, Device Info, User Consents, Send Tab To Self, Web Apps, History, Saved Tab Group, Collection, Edge E Drop, Edge Hub App Usage, Edge Tab Group, Edge Wallet, Encryption Keys, reason: 4, current state: 0
2025-04-17 02:33:06.005: [WARN][Sync] Crypto error data types: Passwords, Autofill Profiles, Autofill
2025-04-17 02:33:06.011: [INFO][Sync] Configure, desired: Bookmarks, Preferences, Extensions, Sessions, Extension settings, History Delete Directives, Device Info, User Consents, Send Tab To Self, Web Apps, History, Saved Tab Group, Collection, Edge E Drop, Edge Hub App Usage, Edge Tab Group, Edge Wallet, Encryption Keys; Allow fail: Passwords, Autofill Profiles, Autofill
2025-04-17 02:33:06.012: [INFO][Sync] Loading: Bookmarks
2025-04-17 02:33:06.012: [INFO][Sync] Loading: Preferences
2025-04-17 02:33:06.012: [INFO][Sync] Loading: Extensions
2025-04-17 02:33:06.013: [INFO][Sync] Loading: Sessions
2025-04-17 02:33:06.013: [INFO][Sync] Loading: Extension settings
2025-04-17 02:33:06.013: [INFO][Sync] Loading: History Delete Directives
2025-04-17 02:33:06.014: [INFO][Sync] Loading: Device Info
2025-04-17 02:33:06.014: [INFO][Sync] Loading: User Consents
2025-04-17 02:33:06.014: [INFO][Sync] Loading: Send Tab To Self
2025-04-17 02:33:06.014: [INFO][Sync] Loading: Web Apps
2025-04-17 02:33:06.014: [INFO][Sync] Loading: History
2025-04-17 02:33:06.014: [INFO][Sync] Loading: Saved Tab Group
2025-04-17 02:33:06.014: [INFO][Sync] Loading: Collection
2025-04-17 02:33:06.014: [INFO][Sync] Loading: Edge E Drop
2025-04-17 02:33:06.014: [INFO][Sync] Loading: Edge Hub App Usage
2025-04-17 02:33:06.014: [INFO][Sync] Loading: Edge Tab Group
2025-04-17 02:33:06.014: [INFO][Sync] Loading: Edge Wallet
2025-04-17 02:33:06.022: [INFO][Sync] All data types are ready for configure.
2025-04-17 02:33:06.155: [INFO][Sync] Started DataTypeManager configuration, reason: 5
2025-04-17 02:33:06.155: [INFO][Sync] Configuring for: Bookmarks, Preferences, Passwords, Autofill Profiles, Autofill, Extensions, Sessions, Extension settings, History Delete Directives, Device Info, User Consents, Send Tab To Self, Web Apps, History, Saved Tab Group, Collection, Edge E Drop, Edge Hub App Usage, Edge Tab Group, Edge Wallet, Encryption Keys, reason: 5, current state: 1
2025-04-17 02:33:06.173: [INFO][SyncEngineBackend::DoStartConfiguration] Start configuration
2025-04-17 02:33:06.175: [INFO][SyncManagerImpl::ConfigureSyncer] Types to download:  with reason: 4
2025-04-17 02:33:06.175: [INFO][SyncEngineBackend::DoFinishConfigureDataTypes] Failed to download types:  and succeeded types: 
2025-04-17 02:33:06.175: [INFO][Sync] ConfigurationDone, failed: , succeeded: , remaining count: 4
2025-04-17 02:33:06.175: [WARN][Sync]     Reconfigure requested while configuration ongoing.
2025-04-17 02:33:06.175: [INFO][Sync] Configuring for: Bookmarks, Preferences, Passwords, Autofill Profiles, Autofill, Extensions, Sessions, Extension settings, History Delete Directives, Device Info, User Consents, Send Tab To Self, Web Apps, History, Saved Tab Group, Collection, Edge E Drop, Edge Hub App Usage, Edge Tab Group, Edge Wallet, Encryption Keys, reason: 5, current state: 2
2025-04-17 02:33:06.175: [INFO][Sync] Configure, desired: Bookmarks, Preferences, Passwords, Autofill Profiles, Autofill, Extensions, Sessions, Extension settings, History Delete Directives, Device Info, User Consents, Send Tab To Self, Web Apps, History, Saved Tab Group, Collection, Edge E Drop, Edge Hub App Usage, Edge Tab Group, Edge Wallet, Encryption Keys; Allow fail: 
2025-04-17 02:33:06.175: [INFO][Sync] Loading: Passwords
2025-04-17 02:33:06.175: [INFO][Sync] Loading: Autofill Profiles
2025-04-17 02:33:06.175: [INFO][Sync] Loading: Autofill
2025-04-17 02:33:06.175: [INFO][Sync] All data types are ready for configure.
2025-04-17 02:33:06.175: [INFO][SyncManagerImpl::NudgeForInitialDownload] Initial download nudge for Passwords
2025-04-17 02:33:06.176: [INFO][SyncManagerImpl::ConfigureSyncer] Types to download:  with reason: 5
2025-04-17 02:33:06.176: [INFO][SyncEngineBackend::DoFinishConfigureDataTypes] Failed to download types:  and succeeded types: 
2025-04-17 02:33:06.176: [INFO][Sync] ConfigurationDone, failed: , succeeded: , remaining count: 4
2025-04-17 02:33:06.176: [INFO][Sync] Prepare to configure types: Passwords, Encryption Keys
2025-04-17 02:33:06.176: [INFO][SyncManagerImpl::ConfigureSyncer] Types to download: Passwords, Encryption Keys with reason: 5
2025-04-17 02:33:06.176: [INFO][SyncSchedulerImpl::DoConfigurationSyncCycleJob] Blocked types:  and types to download: Passwords, Encryption Keys
2025-04-17 02:33:06.544: [INFO][SyncEngineBackend::DoFinishConfigureDataTypes] Failed to download types:  and succeeded types: Passwords, Encryption Keys
2025-04-17 02:33:06.548: [INFO][Sync] ConfigurationDone, failed: , succeeded: Passwords, Encryption Keys, remaining count: 3
2025-04-17 02:33:06.548: [INFO][SyncManagerImpl::ConfigureSyncer] Types to download:  with reason: 5
2025-04-17 02:33:06.548: [INFO][SyncEngineBackend::DoFinishConfigureDataTypes] Failed to download types:  and succeeded types: 
2025-04-17 02:33:06.548: [INFO][Sync] ConfigurationDone, failed: , succeeded: , remaining count: 2
2025-04-17 02:33:06.548: [INFO][SyncManagerImpl::ConfigureSyncer] Types to download:  with reason: 5
2025-04-17 02:33:06.548: [INFO][SyncEngineBackend::DoFinishConfigureDataTypes] Failed to download types:  and succeeded types: 
2025-04-17 02:33:06.548: [INFO][Sync] ConfigurationDone, failed: , succeeded: , remaining count: 1
2025-04-17 02:33:06.553: [INFO][SyncManagerImpl::ConfigureSyncer] Types to download:  with reason: 5
2025-04-17 02:33:06.553: [INFO][SyncEngineBackend::DoFinishConfigureDataTypes] Failed to download types:  and succeeded types: 
2025-04-17 02:33:06.553: [INFO][Sync] ConfigurationDone, failed: , succeeded: , remaining count: 0
2025-04-17 02:33:06.557: [INFO][Sync]     Configuration completed, state: 7
2025-04-17 02:33:06.558: [INFO][Sync] Configured DataTypeManager: Ok
2025-04-17 02:33:06.562: [INFO][SyncEngineBackend::DoStartSyncing] Start syncing
